[0.019s] Invoking command in '/home/vansh/ros2_ws/build/mycobot_description': CMAKE_PREFIX_PATH=${CMAKE_PREFIX_PATH}:/home/vansh/new_ros2/install/my_robot_controller:/opt/ros/humble /usr/bin/cmake --build /home/vansh/ros2_ws/build/mycobot_description -- -j6 -l6
[0.072s] Invoked command in '/home/vansh/ros2_ws/build/mycobot_description' returned '0': CMAKE_PREFIX_PATH=${CMAKE_PREFIX_PATH}:/home/vansh/new_ros2/install/my_robot_controller:/opt/ros/humble /usr/bin/cmake --build /home/vansh/ros2_ws/build/mycobot_description -- -j6 -l6
[0.126s] Invoking command in '/home/vansh/ros2_ws/build/mycobot_description': CMAKE_PREFIX_PATH=${CMAKE_PREFIX_PATH}:/home/vansh/new_ros2/install/my_robot_controller:/opt/ros/humble /usr/bin/cmake --install /home/vansh/ros2_ws/build/mycobot_description
[0.138s] -- Install configuration: ""
[0.138s] -- Up-to-date: /home/vansh/ros2_ws/install/mycobot_description/share/mycobot_description/launch
[0.138s] -- Up-to-date: /home/vansh/ros2_ws/install/mycobot_description/share/mycobot_description/meshes
[0.138s] -- Up-to-date: /home/vansh/ros2_ws/install/mycobot_description/share/mycobot_description/meshes/mycobot_280
[0.139s] -- Up-to-date: /home/vansh/ros2_ws/install/mycobot_description/share/mycobot_description/meshes/mycobot_280/mycobot_step.STEP
[0.139s] -- Up-to-date: /home/vansh/ros2_ws/install/mycobot_description/share/mycobot_description/meshes/mycobot_280/joint5.png
[0.139s] -- Up-to-date: /home/vansh/ros2_ws/install/mycobot_description/share/mycobot_description/meshes/mycobot_280/joint2.png
[0.139s] -- Up-to-date: /home/vansh/ros2_ws/install/mycobot_description/share/mycobot_description/meshes/mycobot_280/joint5.dae
[0.139s] -- Up-to-date: /home/vansh/ros2_ws/install/mycobot_description/share/mycobot_description/meshes/mycobot_280/joint4.png
[0.139s] -- Up-to-date: /home/vansh/ros2_ws/install/mycobot_description/share/mycobot_description/meshes/mycobot_280/link6.dae
[0.139s] -- Up-to-date: /home/vansh/ros2_ws/install/mycobot_description/share/mycobot_description/meshes/mycobot_280/base_link.dae
[0.140s] -- Up-to-date: /home/vansh/ros2_ws/install/mycobot_description/share/mycobot_description/meshes/mycobot_280/mycobot_280_arduino.urdf
[0.140s] -- Up-to-date: /home/vansh/ros2_ws/install/mycobot_description/share/mycobot_description/meshes/mycobot_280/link1.png
[0.140s] -- Up-to-date: /home/vansh/ros2_ws/install/mycobot_description/share/mycobot_description/meshes/mycobot_280/joint6.dae
[0.140s] -- Up-to-date: /home/vansh/ros2_ws/install/mycobot_description/share/mycobot_description/meshes/mycobot_280/joint7.png
[0.140s] -- Up-to-date: /home/vansh/ros2_ws/install/mycobot_description/share/mycobot_description/meshes/mycobot_280/gripper_right2.dae
[0.141s] -- Up-to-date: /home/vansh/ros2_ws/install/mycobot_description/share/mycobot_description/meshes/mycobot_280/gripper_right3.dae
[0.141s] -- Up-to-date: /home/vansh/ros2_ws/install/mycobot_description/share/mycobot_description/meshes/mycobot_280/gripper_left3.dae
[0.141s] -- Up-to-date: /home/vansh/ros2_ws/install/mycobot_description/share/mycobot_description/meshes/mycobot_280/link7.dae
[0.141s] -- Up-to-date: /home/vansh/ros2_ws/install/mycobot_description/share/mycobot_description/meshes/mycobot_280/joint7.dae
[0.141s] -- Up-to-date: /home/vansh/ros2_ws/install/mycobot_description/share/mycobot_description/meshes/mycobot_280/link7.png
[0.141s] -- Up-to-date: /home/vansh/ros2_ws/install/mycobot_description/share/mycobot_description/meshes/mycobot_280/link2.dae
[0.141s] -- Up-to-date: /home/vansh/ros2_ws/install/mycobot_description/share/mycobot_description/meshes/mycobot_280/mycobot_with_vision.urdf
[0.142s] -- Up-to-date: /home/vansh/ros2_ws/install/mycobot_description/share/mycobot_description/meshes/mycobot_280/gripper_base.dae
[0.142s] -- Up-to-date: /home/vansh/ros2_ws/install/mycobot_description/share/mycobot_description/meshes/mycobot_280/link5.png
[0.142s] -- Up-to-date: /home/vansh/ros2_ws/install/mycobot_description/share/mycobot_description/meshes/mycobot_280/joint2.dae
[0.142s] -- Up-to-date: /home/vansh/ros2_ws/install/mycobot_description/share/mycobot_description/meshes/mycobot_280/gripper_left1.dae
[0.142s] -- Up-to-date: /home/vansh/ros2_ws/install/mycobot_description/share/mycobot_description/meshes/mycobot_280/joint3.dae
[0.142s] -- Up-to-date: /home/vansh/ros2_ws/install/mycobot_description/share/mycobot_description/meshes/mycobot_280/link2.png
[0.142s] -- Up-to-date: /home/vansh/ros2_ws/install/mycobot_description/share/mycobot_description/meshes/mycobot_280/mycobot_with_vision_copy.urdf
[0.143s] -- Up-to-date: /home/vansh/ros2_ws/install/mycobot_description/share/mycobot_description/meshes/mycobot_280/suit_env.dae
[0.143s] -- Up-to-date: /home/vansh/ros2_ws/install/mycobot_description/share/mycobot_description/meshes/mycobot_280/link1.dae
[0.143s] -- Up-to-date: /home/vansh/ros2_ws/install/mycobot_description/share/mycobot_description/meshes/mycobot_280/noenv.urdf
[0.143s] -- Up-to-date: /home/vansh/ros2_ws/install/mycobot_description/share/mycobot_description/meshes/mycobot_280/joint1.png
[0.143s] -- Up-to-date: /home/vansh/ros2_ws/install/mycobot_description/share/mycobot_description/meshes/mycobot_280/joint6.png
[0.143s] -- Up-to-date: /home/vansh/ros2_ws/install/mycobot_description/share/mycobot_description/meshes/mycobot_280/gripper_left2.dae
[0.143s] -- Up-to-date: /home/vansh/ros2_ws/install/mycobot_description/share/mycobot_description/meshes/mycobot_280/link3.dae
[0.144s] -- Up-to-date: /home/vansh/ros2_ws/install/mycobot_description/share/mycobot_description/meshes/mycobot_280/link4.dae
[0.144s] -- Up-to-date: /home/vansh/ros2_ws/install/mycobot_description/share/mycobot_description/meshes/mycobot_280/withenv.urdf
[0.144s] -- Up-to-date: /home/vansh/ros2_ws/install/mycobot_description/share/mycobot_description/meshes/mycobot_280/joint4.dae
[0.144s] -- Up-to-date: /home/vansh/ros2_ws/install/mycobot_description/share/mycobot_description/meshes/mycobot_280/link4.png
[0.144s] -- Up-to-date: /home/vansh/ros2_ws/install/mycobot_description/share/mycobot_description/meshes/mycobot_280/joint1.dae
[0.144s] -- Up-to-date: /home/vansh/ros2_ws/install/mycobot_description/share/mycobot_description/meshes/mycobot_280/gripper_right1.dae
[0.144s] -- Up-to-date: /home/vansh/ros2_ws/install/mycobot_description/share/mycobot_description/meshes/mycobot_280/link6.png
[0.144s] -- Up-to-date: /home/vansh/ros2_ws/install/mycobot_description/share/mycobot_description/meshes/mycobot_280/link3.png
[0.144s] -- Up-to-date: /home/vansh/ros2_ws/install/mycobot_description/share/mycobot_description/meshes/mycobot_280/joint3.png
[0.144s] -- Up-to-date: /home/vansh/ros2_ws/install/mycobot_description/share/mycobot_description/meshes/mycobot_280/link5.dae
[0.145s] -- Up-to-date: /home/vansh/ros2_ws/install/mycobot_description/share/mycobot_description/rviz
[0.145s] -- Up-to-date: /home/vansh/ros2_ws/install/mycobot_description/share/mycobot_description/urdf
[0.145s] -- Up-to-date: /home/vansh/ros2_ws/install/mycobot_description/share/mycobot_description/urdf/mycobot_280_urdf.xacro
[0.145s] -- Up-to-date: /home/vansh/ros2_ws/install/mycobot_description/share/ament_index/resource_index/package_run_dependencies/mycobot_description
[0.145s] -- Up-to-date: /home/vansh/ros2_ws/install/mycobot_description/share/ament_index/resource_index/parent_prefix_path/mycobot_description
[0.145s] -- Up-to-date: /home/vansh/ros2_ws/install/mycobot_description/share/mycobot_description/environment/ament_prefix_path.sh
[0.145s] -- Up-to-date: /home/vansh/ros2_ws/install/mycobot_description/share/mycobot_description/environment/ament_prefix_path.dsv
[0.146s] -- Up-to-date: /home/vansh/ros2_ws/install/mycobot_description/share/mycobot_description/environment/path.sh
[0.146s] -- Up-to-date: /home/vansh/ros2_ws/install/mycobot_description/share/mycobot_description/environment/path.dsv
[0.146s] -- Up-to-date: /home/vansh/ros2_ws/install/mycobot_description/share/mycobot_description/local_setup.bash
[0.147s] -- Up-to-date: /home/vansh/ros2_ws/install/mycobot_description/share/mycobot_description/local_setup.sh
[0.147s] -- Up-to-date: /home/vansh/ros2_ws/install/mycobot_description/share/mycobot_description/local_setup.zsh
[0.148s] -- Up-to-date: /home/vansh/ros2_ws/install/mycobot_description/share/mycobot_description/local_setup.dsv
[0.148s] -- Installing: /home/vansh/ros2_ws/install/mycobot_description/share/mycobot_description/package.dsv
[0.148s] -- Up-to-date: /home/vansh/ros2_ws/install/mycobot_description/share/ament_index/resource_index/packages/mycobot_description
[0.148s] -- Up-to-date: /home/vansh/ros2_ws/install/mycobot_description/share/mycobot_description/cmake/mycobot_descriptionConfig.cmake
[0.149s] -- Up-to-date: /home/vansh/ros2_ws/install/mycobot_description/share/mycobot_description/cmake/mycobot_descriptionConfig-version.cmake
[0.149s] -- Up-to-date: /home/vansh/ros2_ws/install/mycobot_description/share/mycobot_description/package.xml
[0.149s] Invoked command in '/home/vansh/ros2_ws/build/mycobot_description' returned '0': CMAKE_PREFIX_PATH=${CMAKE_PREFIX_PATH}:/home/vansh/new_ros2/install/my_robot_controller:/opt/ros/humble /usr/bin/cmake --install /home/vansh/ros2_ws/build/mycobot_description
