[100%] Built target example_joint_trajectory_publisher_cpp
[100%] Built target ament_cmake_python_copy_robotic_arm
running egg_info
writing robotic_arm.egg-info/PKG-INFO
writing dependency_links to robotic_arm.egg-info/dependency_links.txt
writing top-level names to robotic_arm.egg-info/top_level.txt
reading manifest file 'robotic_arm.egg-info/SOURCES.txt'
writing manifest file 'robotic_arm.egg-info/SOURCES.txt'
[100%] Built target ament_cmake_python_build_robotic_arm_egg
-- Install configuration: ""
-- Up-to-date: /home/vansh/ros2_ws/install/robotic_arm/share/robotic_arm/config
-- Up-to-date: /home/vansh/ros2_ws/install/robotic_arm/share/robotic_arm/config/controllers.yaml
-- Up-to-date: /home/vansh/ros2_ws/install/robotic_arm/share/robotic_arm/launch
-- Up-to-date: /home/vansh/ros2_ws/install/robotic_arm/share/robotic_arm/launch/launch_bot.launch.py
-- Up-to-date: /home/vansh/ros2_ws/install/robotic_arm/share/robotic_arm/models
-- Installing: /home/vansh/ros2_ws/install/robotic_arm/share/robotic_arm/scripts
-- Installing: /home/vansh/ros2_ws/install/robotic_arm/share/robotic_arm/src
-- Installing: /home/vansh/ros2_ws/install/robotic_arm/share/robotic_arm/src/example_joint_trajectory_publisher.cpp
-- Installing: /home/vansh/ros2_ws/install/robotic_arm/share/robotic_arm/urdf
-- Installing: /home/vansh/ros2_ws/install/robotic_arm/share/robotic_arm/urdf/ros2_control
-- Installing: /home/vansh/ros2_ws/install/robotic_arm/share/robotic_arm/urdf/ros2_control/classic_gazebo
-- Installing: /home/vansh/ros2_ws/install/robotic_arm/share/robotic_arm/urdf/ros2_control/classic_gazebo/mycobot_280_classic_gazebo.xacro
-- Installing: /home/vansh/ros2_ws/install/robotic_arm/share/robotic_arm/urdf/ros2_control/classic_gazebo/theclaw.urdf.xacro
-- Installing: /home/vansh/ros2_ws/install/robotic_arm/share/robotic_arm/urdf/ros2_control/classic_gazebo/mycobot_280.urdf.xacro
-- Installing: /home/vansh/ros2_ws/install/robotic_arm/share/robotic_arm/urdf/ros2_control/classic_gazebo/mycobot_280_ros2_control.xacro
-- Installing: /home/vansh/ros2_ws/install/robotic_arm/share/robotic_arm/worlds
-- Installing: /home/vansh/ros2_ws/install/robotic_arm/share/robotic_arm/worlds/empty.world
-- Installing: /home/vansh/ros2_ws/install/robotic_arm/share/robotic_arm/worlds/house.world
-- Installing: /home/vansh/ros2_ws/install/robotic_arm/include
-- Installing: /home/vansh/ros2_ws/install/robotic_arm/include/robotic_arm
-- Installing: /home/vansh/ros2_ws/install/robotic_arm/lib/robotic_arm/example_joint_trajectory_publisher_cpp
-- Set runtime path of "/home/vansh/ros2_ws/install/robotic_arm/lib/robotic_arm/example_joint_trajectory_publisher_cpp" to ""
-- Installing: /home/vansh/ros2_ws/install/robotic_arm/share/robotic_arm/environment/pythonpath.sh
-- Installing: /home/vansh/ros2_ws/install/robotic_arm/share/robotic_arm/environment/pythonpath.dsv
-- Installing: /home/vansh/ros2_ws/install/robotic_arm/local/lib/python3.10/dist-packages/robotic_arm-0.0.0-py3.10.egg-info
-- Installing: /home/vansh/ros2_ws/install/robotic_arm/local/lib/python3.10/dist-packages/robotic_arm-0.0.0-py3.10.egg-info/SOURCES.txt
-- Installing: /home/vansh/ros2_ws/install/robotic_arm/local/lib/python3.10/dist-packages/robotic_arm-0.0.0-py3.10.egg-info/top_level.txt
-- Installing: /home/vansh/ros2_ws/install/robotic_arm/local/lib/python3.10/dist-packages/robotic_arm-0.0.0-py3.10.egg-info/dependency_links.txt
-- Installing: /home/vansh/ros2_ws/install/robotic_arm/local/lib/python3.10/dist-packages/robotic_arm-0.0.0-py3.10.egg-info/PKG-INFO
-- Installing: /home/vansh/ros2_ws/install/robotic_arm/local/lib/python3.10/dist-packages/robotic_arm
-- Installing: /home/vansh/ros2_ws/install/robotic_arm/local/lib/python3.10/dist-packages/robotic_arm/__init__.py
Listing '/home/vansh/ros2_ws/install/robotic_arm/local/lib/python3.10/dist-packages/robotic_arm'...
Compiling '/home/vansh/ros2_ws/install/robotic_arm/local/lib/python3.10/dist-packages/robotic_arm/__init__.py'...
