[0.012s] Invoking command in '/home/vansh/ros2_ws/build/robotic_arm': CMAKE_PREFIX_PATH=/home/vansh/new_ros2/install/my_robot_controller:/opt/ros/humble /usr/bin/cmake --build /home/vansh/ros2_ws/build/robotic_arm -- -j6 -l6
[0.083s] [100%] Built target example_joint_trajectory_publisher_cpp
[0.085s] [100%] Built target ament_cmake_python_copy_robotic_arm
[0.367s] running egg_info
[0.368s] writing robotic_arm.egg-info/PKG-INFO
[0.369s] writing dependency_links to robotic_arm.egg-info/dependency_links.txt
[0.369s] writing top-level names to robotic_arm.egg-info/top_level.txt
[0.371s] reading manifest file 'robotic_arm.egg-info/SOURCES.txt'
[0.372s] writing manifest file 'robotic_arm.egg-info/SOURCES.txt'
[0.400s] [100%] Built target ament_cmake_python_build_robotic_arm_egg
[0.413s] Invoked command in '/home/vansh/ros2_ws/build/robotic_arm' returned '0': CMAKE_PREFIX_PATH=/home/vansh/new_ros2/install/my_robot_controller:/opt/ros/humble /usr/bin/cmake --build /home/vansh/ros2_ws/build/robotic_arm -- -j6 -l6
[0.458s] Invoking command in '/home/vansh/ros2_ws/build/robotic_arm': CMAKE_PREFIX_PATH=/home/vansh/new_ros2/install/my_robot_controller:/opt/ros/humble /usr/bin/cmake --install /home/vansh/ros2_ws/build/robotic_arm
[0.466s] -- Install configuration: ""
[0.466s] -- Up-to-date: /home/vansh/ros2_ws/install/robotic_arm/share/robotic_arm/config
[0.466s] -- Up-to-date: /home/vansh/ros2_ws/install/robotic_arm/share/robotic_arm/config/controllers.yaml
[0.466s] -- Up-to-date: /home/vansh/ros2_ws/install/robotic_arm/share/robotic_arm/launch
[0.466s] -- Up-to-date: /home/vansh/ros2_ws/install/robotic_arm/share/robotic_arm/launch/launch_bot.launch.py
[0.466s] -- Up-to-date: /home/vansh/ros2_ws/install/robotic_arm/share/robotic_arm/models
[0.466s] -- Installing: /home/vansh/ros2_ws/install/robotic_arm/share/robotic_arm/scripts
[0.466s] -- Installing: /home/vansh/ros2_ws/install/robotic_arm/share/robotic_arm/src
[0.466s] -- Installing: /home/vansh/ros2_ws/install/robotic_arm/share/robotic_arm/src/example_joint_trajectory_publisher.cpp
[0.469s] -- Installing: /home/vansh/ros2_ws/install/robotic_arm/share/robotic_arm/urdf
[0.469s] -- Installing: /home/vansh/ros2_ws/install/robotic_arm/share/robotic_arm/urdf/ros2_control
[0.470s] -- Installing: /home/vansh/ros2_ws/install/robotic_arm/share/robotic_arm/urdf/ros2_control/classic_gazebo
[0.470s] -- Installing: /home/vansh/ros2_ws/install/robotic_arm/share/robotic_arm/urdf/ros2_control/classic_gazebo/mycobot_280_classic_gazebo.xacro
[0.471s] -- Installing: /home/vansh/ros2_ws/install/robotic_arm/share/robotic_arm/urdf/ros2_control/classic_gazebo/theclaw.urdf.xacro
[0.471s] -- Installing: /home/vansh/ros2_ws/install/robotic_arm/share/robotic_arm/urdf/ros2_control/classic_gazebo/mycobot_280.urdf.xacro
[0.472s] -- Installing: /home/vansh/ros2_ws/install/robotic_arm/share/robotic_arm/urdf/ros2_control/classic_gazebo/mycobot_280_ros2_control.xacro
[0.473s] -- Installing: /home/vansh/ros2_ws/install/robotic_arm/share/robotic_arm/worlds
[0.473s] -- Installing: /home/vansh/ros2_ws/install/robotic_arm/share/robotic_arm/worlds/empty.world
[0.474s] -- Installing: /home/vansh/ros2_ws/install/robotic_arm/share/robotic_arm/worlds/house.world
[0.475s] -- Installing: /home/vansh/ros2_ws/install/robotic_arm/include
[0.475s] -- Installing: /home/vansh/ros2_ws/install/robotic_arm/include/robotic_arm
[0.476s] -- Installing: /home/vansh/ros2_ws/install/robotic_arm/lib/robotic_arm/example_joint_trajectory_publisher_cpp
[0.481s] -- Set runtime path of "/home/vansh/ros2_ws/install/robotic_arm/lib/robotic_arm/example_joint_trajectory_publisher_cpp" to ""
[0.482s] -- Installing: /home/vansh/ros2_ws/install/robotic_arm/share/robotic_arm/environment/pythonpath.sh
[0.482s] -- Installing: /home/vansh/ros2_ws/install/robotic_arm/share/robotic_arm/environment/pythonpath.dsv
[0.483s] -- Installing: /home/vansh/ros2_ws/install/robotic_arm/local/lib/python3.10/dist-packages/robotic_arm-0.0.0-py3.10.egg-info
[0.483s] -- Installing: /home/vansh/ros2_ws/install/robotic_arm/local/lib/python3.10/dist-packages/robotic_arm-0.0.0-py3.10.egg-info/SOURCES.txt
[0.483s] -- Installing: /home/vansh/ros2_ws/install/robotic_arm/local/lib/python3.10/dist-packages/robotic_arm-0.0.0-py3.10.egg-info/top_level.txt
[0.483s] -- Installing: /home/vansh/ros2_ws/install/robotic_arm/local/lib/python3.10/dist-packages/robotic_arm-0.0.0-py3.10.egg-info/dependency_links.txt
[0.483s] -- Installing: /home/vansh/ros2_ws/install/robotic_arm/local/lib/python3.10/dist-packages/robotic_arm-0.0.0-py3.10.egg-info/PKG-INFO
[0.484s] -- Installing: /home/vansh/ros2_ws/install/robotic_arm/local/lib/python3.10/dist-packages/robotic_arm
[0.484s] -- Installing: /home/vansh/ros2_ws/install/robotic_arm/local/lib/python3.10/dist-packages/robotic_arm/__init__.py
[0.520s] Listing '/home/vansh/ros2_ws/install/robotic_arm/local/lib/python3.10/dist-packages/robotic_arm'...
[0.520s] Compiling '/home/vansh/ros2_ws/install/robotic_arm/local/lib/python3.10/dist-packages/robotic_arm/__init__.py'...
[0.525s] [31mCMake Error at cmake_install.cmake:106 (file):
[0.525s]   file INSTALL cannot find
[0.525s]   "/home/vansh/ros2_ws/src/robotic_arm/scripts/example_joint_trajectory_publisher.py":
[0.525s]   No such file or directory.
[0.525s] 
[0.525s] [0m
[0.527s] Invoked command in '/home/vansh/ros2_ws/build/robotic_arm' returned '1': CMAKE_PREFIX_PATH=/home/vansh/new_ros2/install/my_robot_controller:/opt/ros/humble /usr/bin/cmake --install /home/vansh/ros2_ws/build/robotic_arm
