[0.017s] Invoking command in '/home/vansh/ros2_ws/build/robotic_arm': CMAKE_PREFIX_PATH=${CMAKE_PREFIX_PATH}:/home/vansh/new_ros2/install/my_robot_controller:/opt/ros/humble /usr/bin/cmake --build /home/vansh/ros2_ws/build/robotic_arm -- -j6 -l6
[0.098s] Built target ament_cmake_python_copy_robotic_arm
[0.417s] running egg_info
[0.417s] writing robotic_arm.egg-info/PKG-INFO
[0.418s] writing dependency_links to robotic_arm.egg-info/dependency_links.txt
[0.418s] writing top-level names to robotic_arm.egg-info/top_level.txt
[0.420s] reading manifest file 'robotic_arm.egg-info/SOURCES.txt'
[0.421s] writing manifest file 'robotic_arm.egg-info/SOURCES.txt'
[0.453s] Built target ament_cmake_python_build_robotic_arm_egg
[0.465s] Invoked command in '/home/vansh/ros2_ws/build/robotic_arm' returned '0': CMAKE_PREFIX_PATH=${CMAKE_PREFIX_PATH}:/home/vansh/new_ros2/install/my_robot_controller:/opt/ros/humble /usr/bin/cmake --build /home/vansh/ros2_ws/build/robotic_arm -- -j6 -l6
[0.495s] Invoking command in '/home/vansh/ros2_ws/build/robotic_arm': CMAKE_PREFIX_PATH=${CMAKE_PREFIX_PATH}:/home/vansh/new_ros2/install/my_robot_controller:/opt/ros/humble /usr/bin/cmake --install /home/vansh/ros2_ws/build/robotic_arm
[0.503s] -- Install configuration: ""
[0.503s] -- Up-to-date: /home/vansh/ros2_ws/install/robotic_arm/share/robotic_arm/config
[0.503s] -- Up-to-date: /home/vansh/ros2_ws/install/robotic_arm/share/robotic_arm/config/controllers.yaml
[0.504s] -- Up-to-date: /home/vansh/ros2_ws/install/robotic_arm/share/robotic_arm/launch
[0.504s] -- Up-to-date: /home/vansh/ros2_ws/install/robotic_arm/share/robotic_arm/launch/launch_bot.launch.py
[0.504s] -- Installing: /home/vansh/ros2_ws/install/robotic_arm/share/robotic_arm/launch/display.launch.py
[0.504s] -- Up-to-date: /home/vansh/ros2_ws/install/robotic_arm/share/robotic_arm/launch/mycobot_launch_control.py
[0.504s] -- Up-to-date: /home/vansh/ros2_ws/install/robotic_arm/share/robotic_arm/models
[0.504s] -- Up-to-date: /home/vansh/ros2_ws/install/robotic_arm/share/robotic_arm/scripts
[0.504s] -- Up-to-date: /home/vansh/ros2_ws/install/robotic_arm/share/robotic_arm/scripts/example_joint_trajectory_publisher.py
[0.505s] -- Up-to-date: /home/vansh/ros2_ws/install/robotic_arm/share/robotic_arm/src
[0.505s] -- Up-to-date: /home/vansh/ros2_ws/install/robotic_arm/share/robotic_arm/src/example_joint_trajectory_publisher.cpp
[0.505s] -- Up-to-date: /home/vansh/ros2_ws/install/robotic_arm/share/robotic_arm/urdf
[0.505s] -- Up-to-date: /home/vansh/ros2_ws/install/robotic_arm/share/robotic_arm/urdf/ros2_control
[0.505s] -- Up-to-date: /home/vansh/ros2_ws/install/robotic_arm/share/robotic_arm/urdf/ros2_control/gazebo
[0.505s] -- Up-to-date: /home/vansh/ros2_ws/install/robotic_arm/share/robotic_arm/urdf/ros2_control/gazebo/mycobot_280_gazebo.xacro
[0.505s] -- Up-to-date: /home/vansh/ros2_ws/install/robotic_arm/share/robotic_arm/urdf/ros2_control/gazebo/mycobot_280.urdf.xacro
[0.505s] -- Up-to-date: /home/vansh/ros2_ws/install/robotic_arm/share/robotic_arm/urdf/ros2_control/gazebo/mycobot_280_ros2_control.xacro
[0.505s] -- Up-to-date: /home/vansh/ros2_ws/install/robotic_arm/share/robotic_arm/urdf/ros2_control/classic_gazebo
[0.505s] -- Up-to-date: /home/vansh/ros2_ws/install/robotic_arm/share/robotic_arm/urdf/ros2_control/classic_gazebo/mycobot_280_classic_gazebo.xacro
[0.506s] -- Up-to-date: /home/vansh/ros2_ws/install/robotic_arm/share/robotic_arm/urdf/ros2_control/classic_gazebo/theclaw.urdf.xacro
[0.506s] -- Up-to-date: /home/vansh/ros2_ws/install/robotic_arm/share/robotic_arm/urdf/ros2_control/classic_gazebo/mycobot_280.urdf.xacro
[0.506s] -- Up-to-date: /home/vansh/ros2_ws/install/robotic_arm/share/robotic_arm/urdf/ros2_control/classic_gazebo/mycobot_280_ros2_control.xacro
[0.506s] -- Installing: /home/vansh/ros2_ws/install/robotic_arm/share/robotic_arm/urdf/model.urdf
[0.506s] -- Up-to-date: /home/vansh/ros2_ws/install/robotic_arm/share/robotic_arm/worlds
[0.506s] -- Up-to-date: /home/vansh/ros2_ws/install/robotic_arm/share/robotic_arm/worlds/empty.world
[0.506s] -- Up-to-date: /home/vansh/ros2_ws/install/robotic_arm/share/robotic_arm/worlds/house.world
[0.506s] -- Up-to-date: /home/vansh/ros2_ws/install/robotic_arm/include
[0.506s] -- Up-to-date: /home/vansh/ros2_ws/install/robotic_arm/include/robotic_arm
[0.506s] -- Up-to-date: /home/vansh/ros2_ws/install/robotic_arm/share/robotic_arm/environment/pythonpath.sh
[0.506s] -- Up-to-date: /home/vansh/ros2_ws/install/robotic_arm/share/robotic_arm/environment/pythonpath.dsv
[0.506s] -- Up-to-date: /home/vansh/ros2_ws/install/robotic_arm/local/lib/python3.10/dist-packages/robotic_arm-0.0.0-py3.10.egg-info
[0.506s] -- Installing: /home/vansh/ros2_ws/install/robotic_arm/local/lib/python3.10/dist-packages/robotic_arm-0.0.0-py3.10.egg-info/SOURCES.txt
[0.506s] -- Installing: /home/vansh/ros2_ws/install/robotic_arm/local/lib/python3.10/dist-packages/robotic_arm-0.0.0-py3.10.egg-info/top_level.txt
[0.507s] -- Installing: /home/vansh/ros2_ws/install/robotic_arm/local/lib/python3.10/dist-packages/robotic_arm-0.0.0-py3.10.egg-info/dependency_links.txt
[0.507s] -- Installing: /home/vansh/ros2_ws/install/robotic_arm/local/lib/python3.10/dist-packages/robotic_arm-0.0.0-py3.10.egg-info/PKG-INFO
[0.507s] -- Up-to-date: /home/vansh/ros2_ws/install/robotic_arm/local/lib/python3.10/dist-packages/robotic_arm
[0.507s] -- Up-to-date: /home/vansh/ros2_ws/install/robotic_arm/local/lib/python3.10/dist-packages/robotic_arm/__init__.py
[0.551s] Listing '/home/vansh/ros2_ws/install/robotic_arm/local/lib/python3.10/dist-packages/robotic_arm'...
[0.556s] -- Up-to-date: /home/vansh/ros2_ws/install/robotic_arm/share/ament_index/resource_index/package_run_dependencies/robotic_arm
[0.556s] -- Up-to-date: /home/vansh/ros2_ws/install/robotic_arm/share/ament_index/resource_index/parent_prefix_path/robotic_arm
[0.557s] -- Up-to-date: /home/vansh/ros2_ws/install/robotic_arm/share/robotic_arm/environment/ament_prefix_path.sh
[0.557s] -- Up-to-date: /home/vansh/ros2_ws/install/robotic_arm/share/robotic_arm/environment/ament_prefix_path.dsv
[0.557s] -- Up-to-date: /home/vansh/ros2_ws/install/robotic_arm/share/robotic_arm/environment/path.sh
[0.557s] -- Up-to-date: /home/vansh/ros2_ws/install/robotic_arm/share/robotic_arm/environment/path.dsv
[0.557s] -- Up-to-date: /home/vansh/ros2_ws/install/robotic_arm/share/robotic_arm/local_setup.bash
[0.557s] -- Up-to-date: /home/vansh/ros2_ws/install/robotic_arm/share/robotic_arm/local_setup.sh
[0.557s] -- Up-to-date: /home/vansh/ros2_ws/install/robotic_arm/share/robotic_arm/local_setup.zsh
[0.557s] -- Up-to-date: /home/vansh/ros2_ws/install/robotic_arm/share/robotic_arm/local_setup.dsv
[0.558s] -- Installing: /home/vansh/ros2_ws/install/robotic_arm/share/robotic_arm/package.dsv
[0.558s] -- Up-to-date: /home/vansh/ros2_ws/install/robotic_arm/share/ament_index/resource_index/packages/robotic_arm
[0.558s] -- Up-to-date: /home/vansh/ros2_ws/install/robotic_arm/share/robotic_arm/cmake/robotic_armConfig.cmake
[0.558s] -- Up-to-date: /home/vansh/ros2_ws/install/robotic_arm/share/robotic_arm/cmake/robotic_armConfig-version.cmake
[0.558s] -- Up-to-date: /home/vansh/ros2_ws/install/robotic_arm/share/robotic_arm/package.xml
[0.560s] Invoked command in '/home/vansh/ros2_ws/build/robotic_arm' returned '0': CMAKE_PREFIX_PATH=${CMAKE_PREFIX_PATH}:/home/vansh/new_ros2/install/my_robot_controller:/opt/ros/humble /usr/bin/cmake --install /home/vansh/ros2_ws/build/robotic_arm
