[0.012s] Invoking command in '/home/vansh/ros2_ws/build/robotic_arm': CMAKE_PREFIX_PATH=/home/vansh/new_ros2/install/my_robot_controller:/opt/ros/humble /usr/bin/cmake --build /home/vansh/ros2_ws/build/robotic_arm -- -j6 -l6
[0.040s] -- Found ament_cmake: 1.3.9 (/opt/ros/humble/share/ament_cmake/cmake)
[0.185s] -- Found controller_manager: 2.41.0 (/opt/ros/humble/share/controller_manager/cmake)
[0.218s] -- Found rosidl_generator_c: 3.1.5 (/opt/ros/humble/share/rosidl_generator_c/cmake)
[0.221s] -- Found rosidl_adapter: 3.1.5 (/opt/ros/humble/share/rosidl_adapter/cmake)
[0.229s] -- Found rosidl_generator_cpp: 3.1.5 (/opt/ros/humble/share/rosidl_generator_cpp/cmake)
[0.242s] -- Using all available rosidl_typesupport_c: rosidl_typesupport_fastrtps_c;rosidl_typesupport_introspection_c
[0.261s] -- Using all available rosidl_typesupport_cpp: rosidl_typesupport_fastrtps_cpp;rosidl_typesupport_introspection_cpp
[0.940s] -- Found rmw_implementation_cmake: 6.1.2 (/opt/ros/humble/share/rmw_implementation_cmake/cmake)
[0.942s] -- Found rmw_fastrtps_cpp: 6.2.6 (/opt/ros/humble/share/rmw_fastrtps_cpp/cmake)
[0.975s] -- Found TinyXML2 via Config file: TinyXML2_DIR-NOTFOUND
[0.984s] -- Found TinyXML2 via Config file: TinyXML2_DIR-NOTFOUND
[1.006s] -- Found TinyXML2 via Config file: TinyXML2_DIR-NOTFOUND
[1.015s] -- Found TinyXML2 via Config file: TinyXML2_DIR-NOTFOUND
[1.024s] -- Using RMW implementation 'rmw_fastrtps_cpp' as default
[1.677s] -- Found gazebo_ros: 3.7.0 (/opt/ros/humble/share/gazebo_ros/cmake)
[1.709s] -- Found DART: /usr/include (Required is at least version "6.6") found components: dart 
[1.737s] -- Looking for ignition-math6 -- found version 6.15.1
[1.742s] -- Searching for dependencies of ignition-math6
[1.744s] -- Looking for OGRE...
[1.750s] -- Found Ogre Ghadamon (1.9.0)
[1.750s] -- Found OGRE: optimized;/usr/lib/x86_64-linux-gnu/libOgreMain.so;debug;/usr/lib/x86_64-linux-gnu/libOgreMain.so
[1.761s] -- Looking for OGRE_Paging...
[1.762s] -- Found OGRE_Paging: optimized;/usr/lib/x86_64-linux-gnu/libOgrePaging.so;debug;/usr/lib/x86_64-linux-gnu/libOgrePaging.so
[1.762s] -- Looking for OGRE_Terrain...
[1.762s] -- Found OGRE_Terrain: optimized;/usr/lib/x86_64-linux-gnu/libOgreTerrain.so;debug;/usr/lib/x86_64-linux-gnu/libOgreTerrain.so
[1.762s] -- Looking for OGRE_Property...
[1.762s] -- Found OGRE_Property: optimized;/usr/lib/x86_64-linux-gnu/libOgreProperty.so;debug;/usr/lib/x86_64-linux-gnu/libOgreProperty.so
[1.762s] -- Looking for OGRE_RTShaderSystem...
[1.763s] -- Found OGRE_RTShaderSystem: optimized;/usr/lib/x86_64-linux-gnu/libOgreRTShaderSystem.so;debug;/usr/lib/x86_64-linux-gnu/libOgreRTShaderSystem.so
[1.763s] -- Looking for OGRE_Volume...
[1.763s] -- Found OGRE_Volume: optimized;/usr/lib/x86_64-linux-gnu/libOgreVolume.so;debug;/usr/lib/x86_64-linux-gnu/libOgreVolume.so
[1.763s] -- Looking for OGRE_Overlay...
[1.764s] -- Found OGRE_Overlay: optimized;/usr/lib/x86_64-linux-gnu/libOgreOverlay.so;debug;/usr/lib/x86_64-linux-gnu/libOgreOverlay.so
[1.859s] -- Looking for ignition-math6 -- found version 6.15.1
[1.860s] -- Looking for ignition-transport8 -- found version 8.2.1
[1.860s] -- Searching for dependencies of ignition-transport8
[1.878s] -- Found Protobuf: /usr/lib/x86_64-linux-gnu/libprotobuf.so (found suitable version "3.12.4", minimum required is "3") 
[1.890s] -- Config-file not installed for ZeroMQ -- checking for pkg-config
[1.895s] -- Checking for module 'libzmq >= 4'
[1.908s] --   Found libzmq , version 4.3.4
[1.948s] -- Checking for module 'uuid'
[1.961s] --   Found uuid, version 2.37.2
[1.994s] -- Looking for ignition-msgs5 -- found version 5.8.1
[1.994s] -- Searching for dependencies of ignition-msgs5
[2.020s] -- Looking for ignition-math6 -- found version 6.15.1
[2.026s] -- Checking for module 'tinyxml2'
[2.043s] --   Found tinyxml2, version 9.0.0
[2.085s] -- Looking for ignition-msgs5 -- found version 5.8.1
[2.086s] -- Looking for ignition-common3 -- found version 3.14.0
[2.087s] -- Searching for dependencies of ignition-common3
[2.087s] -- Looking for dlfcn.h - found
[2.087s] -- Looking for libdl - found
[2.101s] -- Searching for <ignition-common3> component [graphics]
[2.102s] -- Looking for ignition-common3-graphics -- found version 3.14.0
[2.103s] -- Searching for dependencies of ignition-common3-graphics
[2.103s] -- Looking for ignition-math6 -- found version 6.15.1
[2.104s] -- Looking for ignition-fuel_tools4 -- found version 4.4.0
[2.105s] -- Searching for dependencies of ignition-fuel_tools4
[2.156s] -- Checking for module 'jsoncpp'
[2.172s] --   Found jsoncpp, version 1.9.5
[2.219s] -- Checking for module 'libzip'
[2.237s] --   Found libzip, version 1.7.3
[2.281s] -- Looking for ignition-common3 -- found version 3.14.0
[2.282s] -- Looking for ignition-math6 -- found version 6.15.1
[2.283s] -- Looking for ignition-msgs5 -- found version 5.8.1
[2.285s] -- Gazebo version: 11.10
[2.292s] -- Found gazebo_ros2_control: 0.4.9 (/opt/ros/humble/share/gazebo_ros2_control/cmake)
[2.935s] -- Found gazebo_ros_pkgs: 3.7.0 (/opt/ros/humble/share/gazebo_ros_pkgs/cmake)
[2.935s] -- Found ros_gz: 0.244.14 (/opt/ros/humble/share/ros_gz/cmake)
[2.935s] -- Found ros_gz_bridge: 0.244.14 (/opt/ros/humble/share/ros_gz_bridge/cmake)
[3.096s] -- Found Protobuf: /usr/lib/x86_64-linux-gnu/libprotobuf.so (found version "3.12.4") 
[3.821s] -- Found ros_gz_sim: 0.244.14 (/opt/ros/humble/share/ros_gz_sim/cmake)
[3.823s] -- Found ros_gz_image: 0.244.14 (/opt/ros/humble/share/ros_gz_image/cmake)
[3.823s] -- Found ros2_control: 2.41.0 (/opt/ros/humble/share/ros2_control/cmake)
[3.824s] -- Found ros2_controllers: 2.35.0 (/opt/ros/humble/share/ros2_controllers/cmake)
[3.824s] -- Found xacro: 2.0.8 (/opt/ros/humble/share/xacro/cmake)
[3.825s] [31mCMake Error at /opt/ros/humble/share/ament_cmake_target_dependencies/cmake/ament_target_dependencies.cmake:42 (message):
[3.825s]   ament_target_dependencies() the first argument must be a valid target name
[3.825s] Call Stack (most recent call first):
[3.825s]   CMakeLists.txt:39 (ament_target_dependencies)
[3.825s] 
[3.825s] [0m
[3.825s] -- Configuring incomplete, errors occurred!
[3.825s] See also "/home/vansh/ros2_ws/build/robotic_arm/CMakeFiles/CMakeOutput.log".
[3.836s] gmake: *** [Makefile:226: cmake_check_build_system] Error 1
[3.838s] Invoked command in '/home/vansh/ros2_ws/build/robotic_arm' returned '2': CMAKE_PREFIX_PATH=/home/vansh/new_ros2/install/my_robot_controller:/opt/ros/humble /usr/bin/cmake --build /home/vansh/ros2_ws/build/robotic_arm -- -j6 -l6
