[0.025s] Invoking command in '/home/vansh/ros2_ws/build/robotic_arm': CMAKE_PREFIX_PATH=/home/vansh/new_ros2/install/my_robot_controller:/opt/ros/humble /usr/bin/cmake --build /home/vansh/ros2_ws/build/robotic_arm -- -j6 -l6
[0.138s] Invoked command in '/home/vansh/ros2_ws/build/robotic_arm' returned '0': CMAKE_PREFIX_PATH=/home/vansh/new_ros2/install/my_robot_controller:/opt/ros/humble /usr/bin/cmake --build /home/vansh/ros2_ws/build/robotic_arm -- -j6 -l6
[0.172s] Invoking command in '/home/vansh/ros2_ws/build/robotic_arm': CMAKE_PREFIX_PATH=/home/vansh/new_ros2/install/my_robot_controller:/opt/ros/humble /usr/bin/cmake --install /home/vansh/ros2_ws/build/robotic_arm
[0.182s] -- Install configuration: ""
[0.185s] -- Up-to-date: /home/vansh/ros2_ws/install/robotic_arm/share/ament_index/resource_index/package_run_dependencies/robotic_arm
[0.185s] -- Up-to-date: /home/vansh/ros2_ws/install/robotic_arm/share/ament_index/resource_index/parent_prefix_path/robotic_arm
[0.186s] -- Up-to-date: /home/vansh/ros2_ws/install/robotic_arm/share/robotic_arm/environment/ament_prefix_path.sh
[0.186s] -- Up-to-date: /home/vansh/ros2_ws/install/robotic_arm/share/robotic_arm/environment/ament_prefix_path.dsv
[0.186s] -- Up-to-date: /home/vansh/ros2_ws/install/robotic_arm/share/robotic_arm/environment/path.sh
[0.186s] -- Up-to-date: /home/vansh/ros2_ws/install/robotic_arm/share/robotic_arm/environment/path.dsv
[0.187s] -- Up-to-date: /home/vansh/ros2_ws/install/robotic_arm/share/robotic_arm/local_setup.bash
[0.187s] -- Up-to-date: /home/vansh/ros2_ws/install/robotic_arm/share/robotic_arm/local_setup.sh
[0.187s] -- Up-to-date: /home/vansh/ros2_ws/install/robotic_arm/share/robotic_arm/local_setup.zsh
[0.187s] -- Up-to-date: /home/vansh/ros2_ws/install/robotic_arm/share/robotic_arm/local_setup.dsv
[0.187s] -- Up-to-date: /home/vansh/ros2_ws/install/robotic_arm/share/robotic_arm/package.dsv
[0.187s] -- Up-to-date: /home/vansh/ros2_ws/install/robotic_arm/share/ament_index/resource_index/packages/robotic_arm
[0.187s] -- Up-to-date: /home/vansh/ros2_ws/install/robotic_arm/share/robotic_arm/cmake/robotic_armConfig.cmake
[0.188s] -- Up-to-date: /home/vansh/ros2_ws/install/robotic_arm/share/robotic_arm/cmake/robotic_armConfig-version.cmake
[0.188s] -- Up-to-date: /home/vansh/ros2_ws/install/robotic_arm/share/robotic_arm/package.xml
[0.190s] Invoked command in '/home/vansh/ros2_ws/build/robotic_arm' returned '0': CMAKE_PREFIX_PATH=/home/vansh/new_ros2/install/my_robot_controller:/opt/ros/humble /usr/bin/cmake --install /home/vansh/ros2_ws/build/robotic_arm
