[0.011s] Invoking command in '/home/vansh/ros2_ws/build/robotic_arm': CMAKE_PREFIX_PATH=/home/vansh/new_ros2/install/my_robot_controller:/opt/ros/humble /usr/bin/cmake --build /home/vansh/ros2_ws/build/robotic_arm -- -j6 -l6
[0.039s] -- Found ament_cmake: 1.3.9 (/opt/ros/humble/share/ament_cmake/cmake)
[0.185s] -- Found controller_manager: 2.41.0 (/opt/ros/humble/share/controller_manager/cmake)
[0.221s] -- Found rosidl_generator_c: 3.1.5 (/opt/ros/humble/share/rosidl_generator_c/cmake)
[0.224s] -- Found rosidl_adapter: 3.1.5 (/opt/ros/humble/share/rosidl_adapter/cmake)
[0.233s] -- Found rosidl_generator_cpp: 3.1.5 (/opt/ros/humble/share/rosidl_generator_cpp/cmake)
[0.245s] -- Using all available rosidl_typesupport_c: rosidl_typesupport_fastrtps_c;rosidl_typesupport_introspection_c
[0.263s] -- Using all available rosidl_typesupport_cpp: rosidl_typesupport_fastrtps_cpp;rosidl_typesupport_introspection_cpp
[0.929s] -- Found rmw_implementation_cmake: 6.1.2 (/opt/ros/humble/share/rmw_implementation_cmake/cmake)
[0.930s] -- Found rmw_fastrtps_cpp: 6.2.6 (/opt/ros/humble/share/rmw_fastrtps_cpp/cmake)
[0.964s] -- Found TinyXML2 via Config file: TinyXML2_DIR-NOTFOUND
[0.972s] -- Found TinyXML2 via Config file: TinyXML2_DIR-NOTFOUND
[0.994s] -- Found TinyXML2 via Config file: TinyXML2_DIR-NOTFOUND
[1.002s] -- Found TinyXML2 via Config file: TinyXML2_DIR-NOTFOUND
[1.011s] -- Using RMW implementation 'rmw_fastrtps_cpp' as default
[1.694s] -- Found gazebo_ros: 3.7.0 (/opt/ros/humble/share/gazebo_ros/cmake)
[1.724s] -- Found DART: /usr/include (Required is at least version "6.6") found components: dart 
[1.751s] -- Found Protobuf: /usr/lib/x86_64-linux-gnu/libprotobuf.so (found version "3.12.4") 
[1.752s] -- Looking for ignition-math6 -- found version 6.15.1
[1.756s] -- Searching for dependencies of ignition-math6
[1.758s] -- Looking for OGRE...
[1.763s] -- Found Ogre Ghadamon (1.9.0)
[1.763s] -- Found OGRE: optimized;/usr/lib/x86_64-linux-gnu/libOgreMain.so;debug;/usr/lib/x86_64-linux-gnu/libOgreMain.so
[1.773s] -- Looking for OGRE_Paging...
[1.773s] -- Found OGRE_Paging: optimized;/usr/lib/x86_64-linux-gnu/libOgrePaging.so;debug;/usr/lib/x86_64-linux-gnu/libOgrePaging.so
[1.773s] -- Looking for OGRE_Terrain...
[1.773s] -- Found OGRE_Terrain: optimized;/usr/lib/x86_64-linux-gnu/libOgreTerrain.so;debug;/usr/lib/x86_64-linux-gnu/libOgreTerrain.so
[1.773s] -- Looking for OGRE_Property...
[1.773s] -- Found OGRE_Property: optimized;/usr/lib/x86_64-linux-gnu/libOgreProperty.so;debug;/usr/lib/x86_64-linux-gnu/libOgreProperty.so
[1.774s] -- Looking for OGRE_RTShaderSystem...
[1.774s] -- Found OGRE_RTShaderSystem: optimized;/usr/lib/x86_64-linux-gnu/libOgreRTShaderSystem.so;debug;/usr/lib/x86_64-linux-gnu/libOgreRTShaderSystem.so
[1.774s] -- Looking for OGRE_Volume...
[1.774s] -- Found OGRE_Volume: optimized;/usr/lib/x86_64-linux-gnu/libOgreVolume.so;debug;/usr/lib/x86_64-linux-gnu/libOgreVolume.so
[1.774s] -- Looking for OGRE_Overlay...
[1.774s] -- Found OGRE_Overlay: optimized;/usr/lib/x86_64-linux-gnu/libOgreOverlay.so;debug;/usr/lib/x86_64-linux-gnu/libOgreOverlay.so
[1.868s] -- Looking for ignition-math6 -- found version 6.15.1
[1.869s] -- Looking for ignition-transport8 -- found version 8.2.1
[1.869s] -- Searching for dependencies of ignition-transport8
[1.887s] -- Found Protobuf: /usr/lib/x86_64-linux-gnu/libprotobuf.so (found suitable version "3.12.4", minimum required is "3") 
[1.898s] -- Config-file not installed for ZeroMQ -- checking for pkg-config
[1.903s] -- Checking for module 'libzmq >= 4'
[1.915s] --   Found libzmq , version 4.3.4
[1.956s] -- Checking for module 'uuid'
[1.969s] --   Found uuid, version 2.37.2
[2.000s] -- Looking for ignition-msgs5 -- found version 5.8.1
[2.000s] -- Searching for dependencies of ignition-msgs5
[2.021s] -- Looking for ignition-math6 -- found version 6.15.1
[2.028s] -- Looking for ignition-msgs5 -- found version 5.8.1
[2.028s] -- Looking for ignition-common3 -- found version 3.14.0
[2.029s] -- Searching for dependencies of ignition-common3
[2.029s] -- Looking for dlfcn.h - found
[2.029s] -- Looking for libdl - found
[2.043s] -- Searching for <ignition-common3> component [graphics]
[2.044s] -- Looking for ignition-common3-graphics -- found version 3.14.0
[2.044s] -- Searching for dependencies of ignition-common3-graphics
[2.045s] -- Looking for ignition-math6 -- found version 6.15.1
[2.047s] -- Looking for ignition-fuel_tools4 -- found version 4.4.0
[2.047s] -- Searching for dependencies of ignition-fuel_tools4
[2.087s] -- Checking for module 'jsoncpp'
[2.099s] --   Found jsoncpp, version 1.9.5
[2.134s] -- Checking for module 'libzip'
[2.145s] --   Found libzip, version 1.7.3
[2.179s] -- Looking for ignition-common3 -- found version 3.14.0
[2.179s] -- Looking for ignition-math6 -- found version 6.15.1
[2.180s] -- Looking for ignition-msgs5 -- found version 5.8.1
[2.181s] -- Gazebo version: 11.10
[2.186s] -- Found gazebo_ros2_control: 0.4.9 (/opt/ros/humble/share/gazebo_ros2_control/cmake)
[2.800s] -- Found gazebo_ros_pkgs: 3.7.0 (/opt/ros/humble/share/gazebo_ros_pkgs/cmake)
[2.810s] -- Found ros_gz: 0.244.14 (/opt/ros/humble/share/ros_gz/cmake)
[2.813s] -- Found ros_gz_bridge: 0.244.14 (/opt/ros/humble/share/ros_gz_bridge/cmake)
[3.009s] -- Found Protobuf: /usr/lib/x86_64-linux-gnu/libprotobuf.so (found version "3.12.4") 
[3.852s] -- Found ros_gz_sim: 0.244.14 (/opt/ros/humble/share/ros_gz_sim/cmake)
[3.860s] -- Found ros_gz_image: 0.244.14 (/opt/ros/humble/share/ros_gz_image/cmake)
[3.865s] -- Found ros2_control: 2.41.0 (/opt/ros/humble/share/ros2_control/cmake)
[3.867s] -- Found ros2_controllers: 2.35.0 (/opt/ros/humble/share/ros2_controllers/cmake)
[3.871s] -- Found xacro: 2.0.8 (/opt/ros/humble/share/xacro/cmake)
[4.741s] [31mCMake Error at /opt/ros/humble/share/ament_cmake_python/cmake/ament_python_install_package.cmake:66 (message):
[4.741s]   ament_python_install_package() the Python package folder
[4.741s]   '/home/vansh/ros2_ws/src/robotic_arm/robotic_arm' doesn't contain an
[4.742s]   '__init__.py' file
[4.742s] Call Stack (most recent call first):
[4.742s]   /opt/ros/humble/share/ament_cmake_python/cmake/ament_python_install_package.cmake:39 (_ament_cmake_python_install_package)
[4.742s]   CMakeLists.txt:59 (ament_python_install_package)
[4.742s] 
[4.742s] [0m
[4.742s] -- Configuring incomplete, errors occurred!
[4.742s] See also "/home/vansh/ros2_ws/build/robotic_arm/CMakeFiles/CMakeOutput.log".
[4.753s] gmake: *** [Makefile:226: cmake_check_build_system] Error 1
[4.756s] Invoked command in '/home/vansh/ros2_ws/build/robotic_arm' returned '2': CMAKE_PREFIX_PATH=/home/vansh/new_ros2/install/my_robot_controller:/opt/ros/humble /usr/bin/cmake --build /home/vansh/ros2_ws/build/robotic_arm -- -j6 -l6
