[0.255s] DEBUG:colcon:Command line arguments: ['/usr/bin/colcon', 'build']
[0.255s] DEBUG:colcon:Parsed command line arguments: Namespace(log_base=None, log_level=None, verb_name='build', build_base='build', install_base='install', merge_install=False, symlink_install=False, test_result_base=None, continue_on_error=False, executor='parallel', parallel_workers=6, event_handlers=None, ignore_user_meta=False, metas=['./colcon.meta'], base_paths=['.'], packages_ignore=None, packages_ignore_regex=None, paths=None, packages_up_to=None, packages_up_to_regex=None, packages_above=None, packages_above_and_dependencies=None, packages_above_depth=None, packages_select_by_dep=None, packages_skip_by_dep=None, packages_skip_up_to=None, packages_select_build_failed=False, packages_skip_build_finished=False, packages_select_test_failures=False, packages_skip_test_passed=False, packages_select=None, packages_skip=None, packages_select_regex=None, packages_skip_regex=None, packages_start=None, packages_end=None, allow_overriding=[], cmake_args=None, cmake_target=None, cmake_target_skip_unavailable=False, cmake_clean_cache=False, cmake_clean_first=False, cmake_force_configure=False, ament_cmake_args=None, catkin_cmake_args=None, catkin_skip_building_tests=False, mixin_files=None, mixin=None, verb_parser=<colcon_mixin.mixin.mixin_argument.MixinArgumentDecorator object at 0x78fc58fa29b0>, verb_extension=<colcon_core.verb.build.BuildVerb object at 0x78fc591a3eb0>, main=<bound method BuildVerb.main of <colcon_core.verb.build.BuildVerb object at 0x78fc591a3eb0>>, mixin_verb=('build',))
[0.670s] Level 1:colcon.colcon_core.package_discovery:discover_packages(colcon_meta) check parameters
[0.670s] Level 1:colcon.colcon_core.package_discovery:discover_packages(recursive) check parameters
[0.670s] Level 1:colcon.colcon_core.package_discovery:discover_packages(ignore) check parameters
[0.670s] Level 1:colcon.colcon_core.package_discovery:discover_packages(path) check parameters
[0.670s] Level 1:colcon.colcon_core.package_discovery:discover_packages(colcon_meta) discover
[0.670s] Level 1:colcon.colcon_core.package_discovery:discover_packages(recursive) discover
[0.670s] INFO:colcon.colcon_core.package_discovery:Crawling recursively for packages in '/home/vansh/ros2_ws'
[0.670s] Level 1:colcon.colcon_core.package_identification:_identify(.) by extensions ['ignore', 'ignore_ament_install']
[0.670s] Level 1:colcon.colcon_core.package_identification:_identify(.) by extension 'ignore'
[0.670s] Level 1:colcon.colcon_core.package_identification:_identify(.) by extension 'ignore_ament_install'
[0.671s] Level 1:colcon.colcon_core.package_identification:_identify(.) by extensions ['colcon_pkg']
[0.671s] Level 1:colcon.colcon_core.package_identification:_identify(.) by extension 'colcon_pkg'
[0.671s] Level 1:colcon.colcon_core.package_identification:_identify(.) by extensions ['colcon_meta']
[0.671s] Level 1:colcon.colcon_core.package_identification:_identify(.) by extension 'colcon_meta'
[0.671s] Level 1:colcon.colcon_core.package_identification:_identify(.) by extensions ['ros']
[0.671s] Level 1:colcon.colcon_core.package_identification:_identify(.) by extension 'ros'
[0.684s] Level 1:colcon.colcon_core.package_identification:_identify(.) by extensions ['cmake', 'python']
[0.684s] Level 1:colcon.colcon_core.package_identification:_identify(.) by extension 'cmake'
[0.684s] Level 1:colcon.colcon_core.package_identification:_identify(.) by extension 'python'
[0.684s] Level 1:colcon.colcon_core.package_identification:_identify(.) by extensions ['python_setup_py']
[0.684s] Level 1:colcon.colcon_core.package_identification:_identify(.) by extension 'python_setup_py'
[0.684s] Level 1:colcon.colcon_core.package_identification:_identify(build) by extensions ['ignore', 'ignore_ament_install']
[0.684s] Level 1:colcon.colcon_core.package_identification:_identify(build) by extension 'ignore'
[0.684s] Level 1:colcon.colcon_core.package_identification:_identify(build) ignored
[0.684s] Level 1:colcon.colcon_core.package_identification:_identify(install) by extensions ['ignore', 'ignore_ament_install']
[0.684s] Level 1:colcon.colcon_core.package_identification:_identify(install) by extension 'ignore'
[0.684s] Level 1:colcon.colcon_core.package_identification:_identify(install) ignored
[0.685s] Level 1:colcon.colcon_core.package_identification:_identify(log) by extensions ['ignore', 'ignore_ament_install']
[0.685s] Level 1:colcon.colcon_core.package_identification:_identify(log) by extension 'ignore'
[0.685s] Level 1:colcon.colcon_core.package_identification:_identify(log) ignored
[0.685s] Level 1:colcon.colcon_core.package_identification:_identify(src) by extensions ['ignore', 'ignore_ament_install']
[0.685s] Level 1:colcon.colcon_core.package_identification:_identify(src) by extension 'ignore'
[0.685s] Level 1:colcon.colcon_core.package_identification:_identify(src) by extension 'ignore_ament_install'
[0.685s] Level 1:colcon.colcon_core.package_identification:_identify(src) by extensions ['colcon_pkg']
[0.685s] Level 1:colcon.colcon_core.package_identification:_identify(src) by extension 'colcon_pkg'
[0.685s] Level 1:colcon.colcon_core.package_identification:_identify(src) by extensions ['colcon_meta']
[0.685s] Level 1:colcon.colcon_core.package_identification:_identify(src) by extension 'colcon_meta'
[0.685s] Level 1:colcon.colcon_core.package_identification:_identify(src) by extensions ['ros']
[0.685s] Level 1:colcon.colcon_core.package_identification:_identify(src) by extension 'ros'
[0.685s] Level 1:colcon.colcon_core.package_identification:_identify(src) by extensions ['cmake', 'python']
[0.685s] Level 1:colcon.colcon_core.package_identification:_identify(src) by extension 'cmake'
[0.685s] Level 1:colcon.colcon_core.package_identification:_identify(src) by extension 'python'
[0.686s] Level 1:colcon.colcon_core.package_identification:_identify(src) by extensions ['python_setup_py']
[0.686s] Level 1:colcon.colcon_core.package_identification:_identify(src) by extension 'python_setup_py'
[0.686s] Level 1:colcon.colcon_core.package_identification:_identify(src/mycobot_description) by extensions ['ignore', 'ignore_ament_install']
[0.686s] Level 1:colcon.colcon_core.package_identification:_identify(src/mycobot_description) by extension 'ignore'
[0.686s] Level 1:colcon.colcon_core.package_identification:_identify(src/mycobot_description) by extension 'ignore_ament_install'
[0.686s] Level 1:colcon.colcon_core.package_identification:_identify(src/mycobot_description) by extensions ['colcon_pkg']
[0.686s] Level 1:colcon.colcon_core.package_identification:_identify(src/mycobot_description) by extension 'colcon_pkg'
[0.686s] Level 1:colcon.colcon_core.package_identification:_identify(src/mycobot_description) by extensions ['colcon_meta']
[0.686s] Level 1:colcon.colcon_core.package_identification:_identify(src/mycobot_description) by extension 'colcon_meta'
[0.686s] Level 1:colcon.colcon_core.package_identification:_identify(src/mycobot_description) by extensions ['ros']
[0.686s] Level 1:colcon.colcon_core.package_identification:_identify(src/mycobot_description) by extension 'ros'
[0.689s] DEBUG:colcon.colcon_core.package_identification:Package 'src/mycobot_description' with type 'ros.ament_cmake' and name 'mycobot_description'
[0.689s] Level 1:colcon.colcon_core.package_identification:_identify(src/robotic_arm) by extensions ['ignore', 'ignore_ament_install']
[0.689s] Level 1:colcon.colcon_core.package_identification:_identify(src/robotic_arm) by extension 'ignore'
[0.690s] Level 1:colcon.colcon_core.package_identification:_identify(src/robotic_arm) by extension 'ignore_ament_install'
[0.690s] Level 1:colcon.colcon_core.package_identification:_identify(src/robotic_arm) by extensions ['colcon_pkg']
[0.690s] Level 1:colcon.colcon_core.package_identification:_identify(src/robotic_arm) by extension 'colcon_pkg'
[0.690s] Level 1:colcon.colcon_core.package_identification:_identify(src/robotic_arm) by extensions ['colcon_meta']
[0.690s] Level 1:colcon.colcon_core.package_identification:_identify(src/robotic_arm) by extension 'colcon_meta'
[0.690s] Level 1:colcon.colcon_core.package_identification:_identify(src/robotic_arm) by extensions ['ros']
[0.690s] Level 1:colcon.colcon_core.package_identification:_identify(src/robotic_arm) by extension 'ros'
[0.692s] DEBUG:colcon.colcon_core.package_identification:Package 'src/robotic_arm' with type 'ros.ament_cmake' and name 'robotic_arm'
[0.692s] Level 1:colcon.colcon_core.package_discovery:discover_packages(recursive) using defaults
[0.692s] Level 1:colcon.colcon_core.package_discovery:discover_packages(ignore) discover
[0.692s] Level 1:colcon.colcon_core.package_discovery:discover_packages(ignore) using defaults
[0.692s] Level 1:colcon.colcon_core.package_discovery:discover_packages(path) discover
[0.692s] Level 1:colcon.colcon_core.package_discovery:discover_packages(path) using defaults
[0.727s] Level 1:colcon.colcon_core.package_discovery:discover_packages(prefix_path) check parameters
[0.727s] Level 1:colcon.colcon_core.package_discovery:discover_packages(prefix_path) discover
[0.734s] DEBUG:colcon.colcon_installed_package_information.package_discovery:Found 2 installed packages in /home/vansh/ros2_ws/install
[0.735s] DEBUG:colcon.colcon_installed_package_information.package_discovery:Found 1 installed packages in /home/vansh/new_ros2/install
[0.736s] DEBUG:colcon.colcon_installed_package_information.package_discovery:Found 332 installed packages in /opt/ros/humble
[0.749s] Level 1:colcon.colcon_core.package_discovery:discover_packages(prefix_path) using defaults
[0.807s] Level 5:colcon.colcon_core.verb:set package 'mycobot_description' build argument 'cmake_args' from command line to 'None'
[0.807s] Level 5:colcon.colcon_core.verb:set package 'mycobot_description' build argument 'cmake_target' from command line to 'None'
[0.807s] Level 5:colcon.colcon_core.verb:set package 'mycobot_description' build argument 'cmake_target_skip_unavailable' from command line to 'False'
[0.807s] Level 5:colcon.colcon_core.verb:set package 'mycobot_description' build argument 'cmake_clean_cache' from command line to 'False'
[0.807s] Level 5:colcon.colcon_core.verb:set package 'mycobot_description' build argument 'cmake_clean_first' from command line to 'False'
[0.807s] Level 5:colcon.colcon_core.verb:set package 'mycobot_description' build argument 'cmake_force_configure' from command line to 'False'
[0.807s] Level 5:colcon.colcon_core.verb:set package 'mycobot_description' build argument 'ament_cmake_args' from command line to 'None'
[0.807s] Level 5:colcon.colcon_core.verb:set package 'mycobot_description' build argument 'catkin_cmake_args' from command line to 'None'
[0.807s] Level 5:colcon.colcon_core.verb:set package 'mycobot_description' build argument 'catkin_skip_building_tests' from command line to 'False'
[0.807s] DEBUG:colcon.colcon_core.verb:Building package 'mycobot_description' with the following arguments: {'ament_cmake_args': None, 'build_base': '/home/vansh/ros2_ws/build/mycobot_description', 'catkin_cmake_args': None, 'catkin_skip_building_tests': False, 'cmake_args': None, 'cmake_clean_cache': False, 'cmake_clean_first': False, 'cmake_force_configure': False, 'cmake_target': None, 'cmake_target_skip_unavailable': False, 'install_base': '/home/vansh/ros2_ws/install/mycobot_description', 'merge_install': False, 'path': '/home/vansh/ros2_ws/src/mycobot_description', 'symlink_install': False, 'test_result_base': None}
[0.808s] Level 5:colcon.colcon_core.verb:set package 'robotic_arm' build argument 'cmake_args' from command line to 'None'
[0.808s] Level 5:colcon.colcon_core.verb:set package 'robotic_arm' build argument 'cmake_target' from command line to 'None'
[0.808s] Level 5:colcon.colcon_core.verb:set package 'robotic_arm' build argument 'cmake_target_skip_unavailable' from command line to 'False'
[0.808s] Level 5:colcon.colcon_core.verb:set package 'robotic_arm' build argument 'cmake_clean_cache' from command line to 'False'
[0.808s] Level 5:colcon.colcon_core.verb:set package 'robotic_arm' build argument 'cmake_clean_first' from command line to 'False'
[0.808s] Level 5:colcon.colcon_core.verb:set package 'robotic_arm' build argument 'cmake_force_configure' from command line to 'False'
[0.808s] Level 5:colcon.colcon_core.verb:set package 'robotic_arm' build argument 'ament_cmake_args' from command line to 'None'
[0.808s] Level 5:colcon.colcon_core.verb:set package 'robotic_arm' build argument 'catkin_cmake_args' from command line to 'None'
[0.808s] Level 5:colcon.colcon_core.verb:set package 'robotic_arm' build argument 'catkin_skip_building_tests' from command line to 'False'
[0.808s] DEBUG:colcon.colcon_core.verb:Building package 'robotic_arm' with the following arguments: {'ament_cmake_args': None, 'build_base': '/home/vansh/ros2_ws/build/robotic_arm', 'catkin_cmake_args': None, 'catkin_skip_building_tests': False, 'cmake_args': None, 'cmake_clean_cache': False, 'cmake_clean_first': False, 'cmake_force_configure': False, 'cmake_target': None, 'cmake_target_skip_unavailable': False, 'install_base': '/home/vansh/ros2_ws/install/robotic_arm', 'merge_install': False, 'path': '/home/vansh/ros2_ws/src/robotic_arm', 'symlink_install': False, 'test_result_base': None}
[0.808s] INFO:colcon.colcon_core.executor:Executing jobs using 'parallel' executor
[0.809s] DEBUG:colcon.colcon_parallel_executor.executor.parallel:run_until_complete
[0.810s] INFO:colcon.colcon_ros.task.ament_cmake.build:Building ROS package in '/home/vansh/ros2_ws/src/mycobot_description' with build type 'ament_cmake'
[0.810s] INFO:colcon.colcon_cmake.task.cmake.build:Building CMake package in '/home/vansh/ros2_ws/src/mycobot_description'
[0.820s] INFO:colcon.colcon_core.plugin_system:Skipping extension 'colcon_core.shell.bat': Not used on non-Windows systems
[0.820s] INFO:colcon.colcon_core.shell:Skip shell extension 'powershell' for command environment: Not usable outside of PowerShell
[0.821s] DEBUG:colcon.colcon_core.shell:Skip shell extension 'dsv' for command environment
[0.826s] INFO:colcon.colcon_ros.task.ament_cmake.build:Building ROS package in '/home/vansh/ros2_ws/src/robotic_arm' with build type 'ament_cmake'
[0.826s] INFO:colcon.colcon_cmake.task.cmake.build:Building CMake package in '/home/vansh/ros2_ws/src/robotic_arm'
[0.827s] INFO:colcon.colcon_core.shell:Skip shell extension 'powershell' for command environment: Not usable outside of PowerShell
[0.827s] DEBUG:colcon.colcon_core.shell:Skip shell extension 'dsv' for command environment
[0.839s] DEBUG:colcon.colcon_core.event_handler.log_command:Invoking command in '/home/vansh/ros2_ws/build/mycobot_description': CMAKE_PREFIX_PATH=${CMAKE_PREFIX_PATH}:/home/vansh/new_ros2/install/my_robot_controller:/opt/ros/humble /usr/bin/cmake --build /home/vansh/ros2_ws/build/mycobot_description -- -j6 -l6
[0.847s] DEBUG:colcon.colcon_core.event_handler.log_command:Invoking command in '/home/vansh/ros2_ws/build/robotic_arm': CMAKE_PREFIX_PATH=${CMAKE_PREFIX_PATH}:/home/vansh/new_ros2/install/my_robot_controller:/opt/ros/humble /usr/bin/cmake --build /home/vansh/ros2_ws/build/robotic_arm -- -j6 -l6
[0.957s] DEBUG:colcon.colcon_core.event_handler.log_command:Invoked command in '/home/vansh/ros2_ws/build/mycobot_description' returned '0': CMAKE_PREFIX_PATH=${CMAKE_PREFIX_PATH}:/home/vansh/new_ros2/install/my_robot_controller:/opt/ros/humble /usr/bin/cmake --build /home/vansh/ros2_ws/build/mycobot_description -- -j6 -l6
[0.997s] DEBUG:colcon.colcon_core.event_handler.log_command:Invoking command in '/home/vansh/ros2_ws/build/mycobot_description': CMAKE_PREFIX_PATH=${CMAKE_PREFIX_PATH}:/home/vansh/new_ros2/install/my_robot_controller:/opt/ros/humble /usr/bin/cmake --install /home/vansh/ros2_ws/build/mycobot_description
[1.020s] Level 1:colcon.colcon_core.environment:create_environment_scripts_only(mycobot_description)
[1.020s] DEBUG:colcon.colcon_core.event_handler.log_command:Invoked command in '/home/vansh/ros2_ws/build/mycobot_description' returned '0': CMAKE_PREFIX_PATH=${CMAKE_PREFIX_PATH}:/home/vansh/new_ros2/install/my_robot_controller:/opt/ros/humble /usr/bin/cmake --install /home/vansh/ros2_ws/build/mycobot_description
[1.035s] Level 1:colcon.colcon_core.environment:checking '/home/vansh/ros2_ws/install/mycobot_description' for CMake module files
[1.036s] Level 1:colcon.colcon_core.environment:checking '/home/vansh/ros2_ws/install/mycobot_description' for CMake config files
[1.036s] Level 1:colcon.colcon_core.shell:create_environment_hook('mycobot_description', 'cmake_prefix_path')
[1.037s] INFO:colcon.colcon_core.shell:Creating environment hook '/home/vansh/ros2_ws/install/mycobot_description/share/mycobot_description/hook/cmake_prefix_path.ps1'
[1.038s] INFO:colcon.colcon_core.shell:Creating environment descriptor '/home/vansh/ros2_ws/install/mycobot_description/share/mycobot_description/hook/cmake_prefix_path.dsv'
[1.039s] INFO:colcon.colcon_core.shell:Creating environment hook '/home/vansh/ros2_ws/install/mycobot_description/share/mycobot_description/hook/cmake_prefix_path.sh'
[1.041s] Level 1:colcon.colcon_core.environment:checking '/home/vansh/ros2_ws/install/mycobot_description/bin'
[1.041s] Level 1:colcon.colcon_core.environment:checking '/home/vansh/ros2_ws/install/mycobot_description/lib/pkgconfig/mycobot_description.pc'
[1.041s] Level 1:colcon.colcon_core.environment:checking '/home/vansh/ros2_ws/install/mycobot_description/lib/python3.10/site-packages'
[1.042s] Level 1:colcon.colcon_core.environment:checking '/home/vansh/ros2_ws/install/mycobot_description/bin'
[1.042s] INFO:colcon.colcon_core.shell:Creating package script '/home/vansh/ros2_ws/install/mycobot_description/share/mycobot_description/package.ps1'
[1.044s] INFO:colcon.colcon_core.shell:Creating package descriptor '/home/vansh/ros2_ws/install/mycobot_description/share/mycobot_description/package.dsv'
[1.045s] INFO:colcon.colcon_core.shell:Creating package script '/home/vansh/ros2_ws/install/mycobot_description/share/mycobot_description/package.sh'
[1.047s] INFO:colcon.colcon_core.shell:Creating package script '/home/vansh/ros2_ws/install/mycobot_description/share/mycobot_description/package.bash'
[1.049s] INFO:colcon.colcon_core.shell:Creating package script '/home/vansh/ros2_ws/install/mycobot_description/share/mycobot_description/package.zsh'
[1.050s] Level 1:colcon.colcon_core.environment:create_file_with_runtime_dependencies(/home/vansh/ros2_ws/install/mycobot_description/share/colcon-core/packages/mycobot_description)
[1.077s] Level 1:colcon.colcon_core.environment:create_environment_scripts_only(mycobot_description)
[1.077s] Level 1:colcon.colcon_core.environment:checking '/home/vansh/ros2_ws/install/mycobot_description' for CMake module files
[1.078s] Level 1:colcon.colcon_core.environment:checking '/home/vansh/ros2_ws/install/mycobot_description' for CMake config files
[1.078s] Level 1:colcon.colcon_core.shell:create_environment_hook('mycobot_description', 'cmake_prefix_path')
[1.079s] INFO:colcon.colcon_core.shell:Creating environment hook '/home/vansh/ros2_ws/install/mycobot_description/share/mycobot_description/hook/cmake_prefix_path.ps1'
[1.079s] INFO:colcon.colcon_core.shell:Creating environment descriptor '/home/vansh/ros2_ws/install/mycobot_description/share/mycobot_description/hook/cmake_prefix_path.dsv'
[1.080s] INFO:colcon.colcon_core.shell:Creating environment hook '/home/vansh/ros2_ws/install/mycobot_description/share/mycobot_description/hook/cmake_prefix_path.sh'
[1.081s] Level 1:colcon.colcon_core.environment:checking '/home/vansh/ros2_ws/install/mycobot_description/bin'
[1.081s] Level 1:colcon.colcon_core.environment:checking '/home/vansh/ros2_ws/install/mycobot_description/lib/pkgconfig/mycobot_description.pc'
[1.081s] Level 1:colcon.colcon_core.environment:checking '/home/vansh/ros2_ws/install/mycobot_description/lib/python3.10/site-packages'
[1.081s] Level 1:colcon.colcon_core.environment:checking '/home/vansh/ros2_ws/install/mycobot_description/bin'
[1.082s] INFO:colcon.colcon_core.shell:Creating package script '/home/vansh/ros2_ws/install/mycobot_description/share/mycobot_description/package.ps1'
[1.082s] INFO:colcon.colcon_core.shell:Creating package descriptor '/home/vansh/ros2_ws/install/mycobot_description/share/mycobot_description/package.dsv'
[1.084s] INFO:colcon.colcon_core.shell:Creating package script '/home/vansh/ros2_ws/install/mycobot_description/share/mycobot_description/package.sh'
[1.084s] INFO:colcon.colcon_core.shell:Creating package script '/home/vansh/ros2_ws/install/mycobot_description/share/mycobot_description/package.bash'
[1.085s] INFO:colcon.colcon_core.shell:Creating package script '/home/vansh/ros2_ws/install/mycobot_description/share/mycobot_description/package.zsh'
[1.086s] Level 1:colcon.colcon_core.environment:create_file_with_runtime_dependencies(/home/vansh/ros2_ws/install/mycobot_description/share/colcon-core/packages/mycobot_description)
[1.411s] DEBUG:colcon.colcon_core.event_handler.log_command:Invoked command in '/home/vansh/ros2_ws/build/robotic_arm' returned '0': CMAKE_PREFIX_PATH=${CMAKE_PREFIX_PATH}:/home/vansh/new_ros2/install/my_robot_controller:/opt/ros/humble /usr/bin/cmake --build /home/vansh/ros2_ws/build/robotic_arm -- -j6 -l6
[1.443s] DEBUG:colcon.colcon_core.event_handler.log_command:Invoking command in '/home/vansh/ros2_ws/build/robotic_arm': CMAKE_PREFIX_PATH=${CMAKE_PREFIX_PATH}:/home/vansh/new_ros2/install/my_robot_controller:/opt/ros/humble /usr/bin/cmake --install /home/vansh/ros2_ws/build/robotic_arm
[1.512s] Level 1:colcon.colcon_core.environment:create_environment_scripts_only(robotic_arm)
[1.512s] Level 1:colcon.colcon_core.environment:checking '/home/vansh/ros2_ws/install/robotic_arm' for CMake module files
[1.513s] DEBUG:colcon.colcon_core.event_handler.log_command:Invoked command in '/home/vansh/ros2_ws/build/robotic_arm' returned '0': CMAKE_PREFIX_PATH=${CMAKE_PREFIX_PATH}:/home/vansh/new_ros2/install/my_robot_controller:/opt/ros/humble /usr/bin/cmake --install /home/vansh/ros2_ws/build/robotic_arm
[1.514s] Level 1:colcon.colcon_core.environment:checking '/home/vansh/ros2_ws/install/robotic_arm' for CMake config files
[1.514s] Level 1:colcon.colcon_core.shell:create_environment_hook('robotic_arm', 'cmake_prefix_path')
[1.515s] INFO:colcon.colcon_core.shell:Creating environment hook '/home/vansh/ros2_ws/install/robotic_arm/share/robotic_arm/hook/cmake_prefix_path.ps1'
[1.515s] INFO:colcon.colcon_core.shell:Creating environment descriptor '/home/vansh/ros2_ws/install/robotic_arm/share/robotic_arm/hook/cmake_prefix_path.dsv'
[1.516s] INFO:colcon.colcon_core.shell:Creating environment hook '/home/vansh/ros2_ws/install/robotic_arm/share/robotic_arm/hook/cmake_prefix_path.sh'
[1.516s] Level 1:colcon.colcon_core.environment:checking '/home/vansh/ros2_ws/install/robotic_arm/lib'
[1.517s] Level 1:colcon.colcon_core.environment:checking '/home/vansh/ros2_ws/install/robotic_arm/bin'
[1.517s] Level 1:colcon.colcon_core.environment:checking '/home/vansh/ros2_ws/install/robotic_arm/lib/pkgconfig/robotic_arm.pc'
[1.517s] Level 1:colcon.colcon_core.environment:checking '/home/vansh/ros2_ws/install/robotic_arm/lib/python3.10/site-packages'
[1.517s] Level 1:colcon.colcon_core.environment:checking '/home/vansh/ros2_ws/install/robotic_arm/bin'
[1.518s] INFO:colcon.colcon_core.shell:Creating package script '/home/vansh/ros2_ws/install/robotic_arm/share/robotic_arm/package.ps1'
[1.518s] INFO:colcon.colcon_core.shell:Creating package descriptor '/home/vansh/ros2_ws/install/robotic_arm/share/robotic_arm/package.dsv'
[1.519s] INFO:colcon.colcon_core.shell:Creating package script '/home/vansh/ros2_ws/install/robotic_arm/share/robotic_arm/package.sh'
[1.519s] INFO:colcon.colcon_core.shell:Creating package script '/home/vansh/ros2_ws/install/robotic_arm/share/robotic_arm/package.bash'
[1.520s] INFO:colcon.colcon_core.shell:Creating package script '/home/vansh/ros2_ws/install/robotic_arm/share/robotic_arm/package.zsh'
[1.520s] Level 1:colcon.colcon_core.environment:create_file_with_runtime_dependencies(/home/vansh/ros2_ws/install/robotic_arm/share/colcon-core/packages/robotic_arm)
[1.569s] Level 1:colcon.colcon_core.environment:create_environment_scripts_only(robotic_arm)
[1.569s] Level 1:colcon.colcon_core.environment:checking '/home/vansh/ros2_ws/install/robotic_arm' for CMake module files
[1.570s] Level 1:colcon.colcon_core.environment:checking '/home/vansh/ros2_ws/install/robotic_arm' for CMake config files
[1.570s] Level 1:colcon.colcon_core.shell:create_environment_hook('robotic_arm', 'cmake_prefix_path')
[1.571s] INFO:colcon.colcon_core.shell:Creating environment hook '/home/vansh/ros2_ws/install/robotic_arm/share/robotic_arm/hook/cmake_prefix_path.ps1'
[1.571s] INFO:colcon.colcon_core.shell:Creating environment descriptor '/home/vansh/ros2_ws/install/robotic_arm/share/robotic_arm/hook/cmake_prefix_path.dsv'
[1.572s] INFO:colcon.colcon_core.shell:Creating environment hook '/home/vansh/ros2_ws/install/robotic_arm/share/robotic_arm/hook/cmake_prefix_path.sh'
[1.572s] Level 1:colcon.colcon_core.environment:checking '/home/vansh/ros2_ws/install/robotic_arm/lib'
[1.572s] Level 1:colcon.colcon_core.environment:checking '/home/vansh/ros2_ws/install/robotic_arm/bin'
[1.572s] Level 1:colcon.colcon_core.environment:checking '/home/vansh/ros2_ws/install/robotic_arm/lib/pkgconfig/robotic_arm.pc'
[1.573s] Level 1:colcon.colcon_core.environment:checking '/home/vansh/ros2_ws/install/robotic_arm/lib/python3.10/site-packages'
[1.573s] Level 1:colcon.colcon_core.environment:checking '/home/vansh/ros2_ws/install/robotic_arm/bin'
[1.573s] INFO:colcon.colcon_core.shell:Creating package script '/home/vansh/ros2_ws/install/robotic_arm/share/robotic_arm/package.ps1'
[1.574s] INFO:colcon.colcon_core.shell:Creating package descriptor '/home/vansh/ros2_ws/install/robotic_arm/share/robotic_arm/package.dsv'
[1.575s] INFO:colcon.colcon_core.shell:Creating package script '/home/vansh/ros2_ws/install/robotic_arm/share/robotic_arm/package.sh'
[1.576s] INFO:colcon.colcon_core.shell:Creating package script '/home/vansh/ros2_ws/install/robotic_arm/share/robotic_arm/package.bash'
[1.576s] INFO:colcon.colcon_core.shell:Creating package script '/home/vansh/ros2_ws/install/robotic_arm/share/robotic_arm/package.zsh'
[1.577s] Level 1:colcon.colcon_core.environment:create_file_with_runtime_dependencies(/home/vansh/ros2_ws/install/robotic_arm/share/colcon-core/packages/robotic_arm)
[1.577s] DEBUG:colcon.colcon_parallel_executor.executor.parallel:closing loop
[1.577s] DEBUG:colcon.colcon_parallel_executor.executor.parallel:loop closed
[1.578s] DEBUG:colcon.colcon_parallel_executor.executor.parallel:run_until_complete finished with '0'
[1.578s] DEBUG:colcon.colcon_core.event_reactor:joining thread
[1.587s] INFO:colcon.colcon_core.plugin_system:Skipping extension 'colcon_notification.desktop_notification.terminal_notifier': Not used on non-Darwin systems
[1.587s] INFO:colcon.colcon_core.plugin_system:Skipping extension 'colcon_notification.desktop_notification.win32': Not used on non-Windows systems
[1.588s] INFO:colcon.colcon_notification.desktop_notification:Sending desktop notification using 'notify2'
[1.613s] DEBUG:colcon.colcon_core.event_reactor:joined thread
[1.614s] INFO:colcon.colcon_core.shell:Creating prefix script '/home/vansh/ros2_ws/install/local_setup.ps1'
[1.616s] INFO:colcon.colcon_core.shell:Creating prefix util module '/home/vansh/ros2_ws/install/_local_setup_util_ps1.py'
[1.619s] INFO:colcon.colcon_core.shell:Creating prefix chain script '/home/vansh/ros2_ws/install/setup.ps1'
[1.621s] INFO:colcon.colcon_core.shell:Creating prefix script '/home/vansh/ros2_ws/install/local_setup.sh'
[1.623s] INFO:colcon.colcon_core.shell:Creating prefix util module '/home/vansh/ros2_ws/install/_local_setup_util_sh.py'
[1.623s] INFO:colcon.colcon_core.shell:Creating prefix chain script '/home/vansh/ros2_ws/install/setup.sh'
[1.626s] INFO:colcon.colcon_core.shell:Creating prefix script '/home/vansh/ros2_ws/install/local_setup.bash'
[1.627s] INFO:colcon.colcon_core.shell:Creating prefix chain script '/home/vansh/ros2_ws/install/setup.bash'
[1.629s] INFO:colcon.colcon_core.shell:Creating prefix script '/home/vansh/ros2_ws/install/local_setup.zsh'
[1.630s] INFO:colcon.colcon_core.shell:Creating prefix chain script '/home/vansh/ros2_ws/install/setup.zsh'
