[0.015s] Invoking command in '/home/vansh/ros2_ws/build/robotic_arm': CMAKE_PREFIX_PATH=/home/vansh/new_ros2/install/my_robot_controller:/opt/ros/humble /usr/bin/cmake --build /home/vansh/ros2_ws/build/robotic_arm -- -j6 -l6
[0.048s] -- Found ament_cmake: 1.3.9 (/opt/ros/humble/share/ament_cmake/cmake)
[0.198s] -- Found controller_manager: 2.41.0 (/opt/ros/humble/share/controller_manager/cmake)
[0.236s] -- Found rosidl_generator_c: 3.1.5 (/opt/ros/humble/share/rosidl_generator_c/cmake)
[0.238s] -- Found rosidl_adapter: 3.1.5 (/opt/ros/humble/share/rosidl_adapter/cmake)
[0.245s] -- Found rosidl_generator_cpp: 3.1.5 (/opt/ros/humble/share/rosidl_generator_cpp/cmake)
[0.257s] -- Using all available rosidl_typesupport_c: rosidl_typesupport_fastrtps_c;rosidl_typesupport_introspection_c
[0.275s] -- Using all available rosidl_typesupport_cpp: rosidl_typesupport_fastrtps_cpp;rosidl_typesupport_introspection_cpp
[0.962s] -- Found rmw_implementation_cmake: 6.1.2 (/opt/ros/humble/share/rmw_implementation_cmake/cmake)
[0.963s] -- Found rmw_fastrtps_cpp: 6.2.6 (/opt/ros/humble/share/rmw_fastrtps_cpp/cmake)
[0.995s] -- Found TinyXML2 via Config file: TinyXML2_DIR-NOTFOUND
[1.010s] -- Found TinyXML2 via Config file: TinyXML2_DIR-NOTFOUND
[1.032s] -- Found TinyXML2 via Config file: TinyXML2_DIR-NOTFOUND
[1.040s] -- Found TinyXML2 via Config file: TinyXML2_DIR-NOTFOUND
[1.051s] -- Using RMW implementation 'rmw_fastrtps_cpp' as default
[1.699s] -- Found gazebo_ros: 3.7.0 (/opt/ros/humble/share/gazebo_ros/cmake)
[1.731s] -- Found DART: /usr/include (Required is at least version "6.6") found components: dart 
[1.760s] -- Looking for ignition-math6 -- found version 6.15.1
[1.764s] -- Searching for dependencies of ignition-math6
[1.766s] -- Looking for OGRE...
[1.772s] -- Found Ogre Ghadamon (1.9.0)
[1.772s] -- Found OGRE: optimized;/usr/lib/x86_64-linux-gnu/libOgreMain.so;debug;/usr/lib/x86_64-linux-gnu/libOgreMain.so
[1.782s] -- Looking for OGRE_Paging...
[1.782s] -- Found OGRE_Paging: optimized;/usr/lib/x86_64-linux-gnu/libOgrePaging.so;debug;/usr/lib/x86_64-linux-gnu/libOgrePaging.so
[1.782s] -- Looking for OGRE_Terrain...
[1.782s] -- Found OGRE_Terrain: optimized;/usr/lib/x86_64-linux-gnu/libOgreTerrain.so;debug;/usr/lib/x86_64-linux-gnu/libOgreTerrain.so
[1.782s] -- Looking for OGRE_Property...
[1.783s] -- Found OGRE_Property: optimized;/usr/lib/x86_64-linux-gnu/libOgreProperty.so;debug;/usr/lib/x86_64-linux-gnu/libOgreProperty.so
[1.783s] -- Looking for OGRE_RTShaderSystem...
[1.783s] -- Found OGRE_RTShaderSystem: optimized;/usr/lib/x86_64-linux-gnu/libOgreRTShaderSystem.so;debug;/usr/lib/x86_64-linux-gnu/libOgreRTShaderSystem.so
[1.783s] -- Looking for OGRE_Volume...
[1.783s] -- Found OGRE_Volume: optimized;/usr/lib/x86_64-linux-gnu/libOgreVolume.so;debug;/usr/lib/x86_64-linux-gnu/libOgreVolume.so
[1.783s] -- Looking for OGRE_Overlay...
[1.783s] -- Found OGRE_Overlay: optimized;/usr/lib/x86_64-linux-gnu/libOgreOverlay.so;debug;/usr/lib/x86_64-linux-gnu/libOgreOverlay.so
[1.880s] -- Looking for ignition-math6 -- found version 6.15.1
[1.880s] -- Looking for ignition-transport8 -- found version 8.2.1
[1.881s] -- Searching for dependencies of ignition-transport8
[1.898s] -- Found Protobuf: /usr/lib/x86_64-linux-gnu/libprotobuf.so (found suitable version "3.12.4", minimum required is "3") 
[1.909s] -- Config-file not installed for ZeroMQ -- checking for pkg-config
[1.914s] -- Checking for module 'libzmq >= 4'
[1.926s] --   Found libzmq , version 4.3.4
[1.971s] -- Checking for module 'uuid'
[1.984s] --   Found uuid, version 2.37.2
[2.015s] -- Looking for ignition-msgs5 -- found version 5.8.1
[2.016s] -- Searching for dependencies of ignition-msgs5
[2.036s] -- Looking for ignition-math6 -- found version 6.15.1
[2.042s] -- Checking for module 'tinyxml2'
[2.057s] --   Found tinyxml2, version 9.0.0
[2.099s] -- Looking for ignition-msgs5 -- found version 5.8.1
[2.100s] -- Looking for ignition-common3 -- found version 3.14.0
[2.101s] -- Searching for dependencies of ignition-common3
[2.101s] -- Looking for dlfcn.h - found
[2.102s] -- Looking for libdl - found
[2.119s] -- Searching for <ignition-common3> component [graphics]
[2.120s] -- Looking for ignition-common3-graphics -- found version 3.14.0
[2.121s] -- Searching for dependencies of ignition-common3-graphics
[2.122s] -- Looking for ignition-math6 -- found version 6.15.1
[2.123s] -- Looking for ignition-fuel_tools4 -- found version 4.4.0
[2.124s] -- Searching for dependencies of ignition-fuel_tools4
[2.178s] -- Checking for module 'jsoncpp'
[2.192s] --   Found jsoncpp, version 1.9.5
[2.234s] -- Checking for module 'libzip'
[2.247s] --   Found libzip, version 1.7.3
[2.285s] -- Looking for ignition-common3 -- found version 3.14.0
[2.285s] -- Looking for ignition-math6 -- found version 6.15.1
[2.286s] -- Looking for ignition-msgs5 -- found version 5.8.1
[2.288s] -- Gazebo version: 11.10
[2.293s] -- Found gazebo_ros2_control: 0.4.9 (/opt/ros/humble/share/gazebo_ros2_control/cmake)
[2.914s] -- Found gazebo_ros_pkgs: 3.7.0 (/opt/ros/humble/share/gazebo_ros_pkgs/cmake)
[2.914s] -- Found ros_gz: 0.244.14 (/opt/ros/humble/share/ros_gz/cmake)
[2.915s] -- Found ros_gz_bridge: 0.244.14 (/opt/ros/humble/share/ros_gz_bridge/cmake)
[3.080s] -- Found Protobuf: /usr/lib/x86_64-linux-gnu/libprotobuf.so (found version "3.12.4") 
[3.804s] -- Found ros_gz_sim: 0.244.14 (/opt/ros/humble/share/ros_gz_sim/cmake)
[3.807s] -- Found ros_gz_image: 0.244.14 (/opt/ros/humble/share/ros_gz_image/cmake)
[3.807s] -- Found ros2_control: 2.41.0 (/opt/ros/humble/share/ros2_control/cmake)
[3.807s] -- Found ros2_controllers: 2.35.0 (/opt/ros/humble/share/ros2_controllers/cmake)
[3.807s] -- Found xacro: 2.0.8 (/opt/ros/humble/share/xacro/cmake)
[4.654s] -- Found ament_lint_auto: 0.12.11 (/opt/ros/humble/share/ament_lint_auto/cmake)
[4.732s] -- Added test 'cppcheck' to perform static code analysis on C / C++ code
[4.733s] -- Configured cppcheck include dirs: /home/vansh/ros2_ws/src/robotic_arm/include
[4.733s] -- Configured cppcheck exclude dirs and/or files: 
[4.733s] -- Added test 'flake8' to check Python code syntax and style conventions
[4.734s] -- Added test 'lint_cmake' to check CMake code style
[4.734s] -- Added test 'pep257' to check Python code against some of the docstring style conventions in PEP 257
[4.736s] -- Added test 'uncrustify' to check C / C++ code style
[4.736s] -- Configured uncrustify additional arguments: 
[4.736s] -- Added test 'xmllint' to check XML markup files
[4.737s] -- Configuring done
[4.912s] -- Generating done
[4.915s] -- Build files have been written to: /home/vansh/ros2_ws/build/robotic_arm
[4.959s] [ 50%] [32mBuilding CXX object CMakeFiles/example_joint_trajectory_publisher_cpp.dir/src/example_joint_trajectory_publisher.cpp.o[0m
[4.968s] [ 50%] Built target ament_cmake_python_copy_robotic_arm
[5.238s] running egg_info
[5.238s] creating robotic_arm.egg-info
[5.238s] writing robotic_arm.egg-info/PKG-INFO
[5.238s] writing dependency_links to robotic_arm.egg-info/dependency_links.txt
[5.238s] writing top-level names to robotic_arm.egg-info/top_level.txt
[5.239s] writing manifest file 'robotic_arm.egg-info/SOURCES.txt'
[5.242s] reading manifest file 'robotic_arm.egg-info/SOURCES.txt'
[5.242s] writing manifest file 'robotic_arm.egg-info/SOURCES.txt'
[5.275s] [ 50%] Built target ament_cmake_python_build_robotic_arm_egg
[10.829s] [100%] [32m[1mLinking CXX executable example_joint_trajectory_publisher_cpp[0m
[11.404s] [100%] Built target example_joint_trajectory_publisher_cpp
[11.419s] Invoked command in '/home/vansh/ros2_ws/build/robotic_arm' returned '0': CMAKE_PREFIX_PATH=/home/vansh/new_ros2/install/my_robot_controller:/opt/ros/humble /usr/bin/cmake --build /home/vansh/ros2_ws/build/robotic_arm -- -j6 -l6
[11.465s] Invoking command in '/home/vansh/ros2_ws/build/robotic_arm': CMAKE_PREFIX_PATH=/home/vansh/new_ros2/install/my_robot_controller:/opt/ros/humble /usr/bin/cmake --install /home/vansh/ros2_ws/build/robotic_arm
[11.473s] -- Install configuration: ""
[11.473s] -- Installing: /home/vansh/ros2_ws/install/robotic_arm/share/robotic_arm/config
[11.474s] -- Installing: /home/vansh/ros2_ws/install/robotic_arm/share/robotic_arm/config/controllers.yaml
[11.477s] -- Installing: /home/vansh/ros2_ws/install/robotic_arm/share/robotic_arm/launch
[11.477s] -- Installing: /home/vansh/ros2_ws/install/robotic_arm/share/robotic_arm/launch/launch_bot.launch.py
[11.477s] -- Installing: /home/vansh/ros2_ws/install/robotic_arm/share/robotic_arm/models
[11.478s] [31mCMake Error at cmake_install.cmake:46 (file):
[11.478s]   file INSTALL cannot find "/home/vansh/ros2_ws/src/robotic_arm/scripts": No
[11.478s]   such file or directory.
[11.479s] 
[11.479s] [0m
[11.479s] Invoked command in '/home/vansh/ros2_ws/build/robotic_arm' returned '1': CMAKE_PREFIX_PATH=/home/vansh/new_ros2/install/my_robot_controller:/opt/ros/humble /usr/bin/cmake --install /home/vansh/ros2_ws/build/robotic_arm
