[0.028s] Invoking command in '/home/vansh/ros2_ws/build/robotic_arm': CMAKE_PREFIX_PATH=/home/vansh/new_ros2/install/my_robot_controller:/opt/ros/humble /usr/bin/cmake --build /home/vansh/ros2_ws/build/robotic_arm -- -j6 -l6
[0.207s] -- Found ament_cmake: 1.3.9 (/opt/ros/humble/share/ament_cmake/cmake)
[0.426s] -- Found controller_manager: 2.41.0 (/opt/ros/humble/share/controller_manager/cmake)
[0.502s] -- Found rosidl_generator_c: 3.1.5 (/opt/ros/humble/share/rosidl_generator_c/cmake)
[0.508s] -- Found rosidl_adapter: 3.1.5 (/opt/ros/humble/share/rosidl_adapter/cmake)
[0.522s] -- Found rosidl_generator_cpp: 3.1.5 (/opt/ros/humble/share/rosidl_generator_cpp/cmake)
[0.548s] -- Using all available rosidl_typesupport_c: rosidl_typesupport_fastrtps_c;rosidl_typesupport_introspection_c
[0.574s] -- Using all available rosidl_typesupport_cpp: rosidl_typesupport_fastrtps_cpp;rosidl_typesupport_introspection_cpp
[1.454s] -- Found rmw_implementation_cmake: 6.1.2 (/opt/ros/humble/share/rmw_implementation_cmake/cmake)
[1.458s] -- Found rmw_fastrtps_cpp: 6.2.6 (/opt/ros/humble/share/rmw_fastrtps_cpp/cmake)
[1.519s] -- Found TinyXML2 via Config file: TinyXML2_DIR-NOTFOUND
[1.534s] -- Found TinyXML2 via Config file: TinyXML2_DIR-NOTFOUND
[1.564s] -- Found TinyXML2 via Config file: TinyXML2_DIR-NOTFOUND
[1.574s] -- Found TinyXML2 via Config file: TinyXML2_DIR-NOTFOUND
[1.585s] -- Using RMW implementation 'rmw_fastrtps_cpp' as default
[2.375s] -- Found gazebo_ros: 3.7.0 (/opt/ros/humble/share/gazebo_ros/cmake)
[2.440s] -- Found DART: /usr/include (Required is at least version "6.6") found components: dart 
[2.507s] -- Looking for ignition-math6 -- found version 6.15.1
[2.520s] -- Searching for dependencies of ignition-math6
[2.523s] -- Looking for OGRE...
[2.531s] -- Found Ogre Ghadamon (1.9.0)
[2.532s] -- Found OGRE: optimized;/usr/lib/x86_64-linux-gnu/libOgreMain.so;debug;/usr/lib/x86_64-linux-gnu/libOgreMain.so
[2.543s] -- Looking for OGRE_Paging...
[2.543s] -- Found OGRE_Paging: optimized;/usr/lib/x86_64-linux-gnu/libOgrePaging.so;debug;/usr/lib/x86_64-linux-gnu/libOgrePaging.so
[2.544s] -- Looking for OGRE_Terrain...
[2.544s] -- Found OGRE_Terrain: optimized;/usr/lib/x86_64-linux-gnu/libOgreTerrain.so;debug;/usr/lib/x86_64-linux-gnu/libOgreTerrain.so
[2.544s] -- Looking for OGRE_Property...
[2.544s] -- Found OGRE_Property: optimized;/usr/lib/x86_64-linux-gnu/libOgreProperty.so;debug;/usr/lib/x86_64-linux-gnu/libOgreProperty.so
[2.544s] -- Looking for OGRE_RTShaderSystem...
[2.545s] -- Found OGRE_RTShaderSystem: optimized;/usr/lib/x86_64-linux-gnu/libOgreRTShaderSystem.so;debug;/usr/lib/x86_64-linux-gnu/libOgreRTShaderSystem.so
[2.545s] -- Looking for OGRE_Volume...
[2.545s] -- Found OGRE_Volume: optimized;/usr/lib/x86_64-linux-gnu/libOgreVolume.so;debug;/usr/lib/x86_64-linux-gnu/libOgreVolume.so
[2.545s] -- Looking for OGRE_Overlay...
[2.545s] -- Found OGRE_Overlay: optimized;/usr/lib/x86_64-linux-gnu/libOgreOverlay.so;debug;/usr/lib/x86_64-linux-gnu/libOgreOverlay.so
[2.644s] -- Looking for ignition-math6 -- found version 6.15.1
[2.648s] -- Looking for ignition-transport8 -- found version 8.2.1
[2.649s] -- Searching for dependencies of ignition-transport8
[2.669s] -- Found Protobuf: /usr/lib/x86_64-linux-gnu/libprotobuf.so (found suitable version "3.12.4", minimum required is "3") 
[2.682s] -- Config-file not installed for ZeroMQ -- checking for pkg-config
[2.687s] -- Checking for module 'libzmq >= 4'
[2.708s] --   Found libzmq , version 4.3.4
[2.754s] -- Checking for module 'uuid'
[2.769s] --   Found uuid, version 2.37.2
[2.803s] -- Looking for ignition-msgs5 -- found version 5.8.1
[2.803s] -- Searching for dependencies of ignition-msgs5
[2.825s] -- Looking for ignition-math6 -- found version 6.15.1
[2.831s] -- Checking for module 'tinyxml2'
[2.845s] --   Found tinyxml2, version 9.0.0
[2.888s] -- Looking for ignition-msgs5 -- found version 5.8.1
[2.889s] -- Looking for ignition-common3 -- found version 3.14.0
[2.890s] -- Searching for dependencies of ignition-common3
[2.891s] -- Looking for dlfcn.h - found
[2.891s] -- Looking for libdl - found
[2.906s] -- Searching for <ignition-common3> component [graphics]
[2.908s] -- Looking for ignition-common3-graphics -- found version 3.14.0
[2.909s] -- Searching for dependencies of ignition-common3-graphics
[2.909s] -- Looking for ignition-math6 -- found version 6.15.1
[2.915s] -- Looking for ignition-fuel_tools4 -- found version 4.4.0
[2.916s] -- Searching for dependencies of ignition-fuel_tools4
[2.963s] -- Checking for module 'jsoncpp'
[2.978s] --   Found jsoncpp, version 1.9.5
[3.024s] -- Checking for module 'libzip'
[3.041s] --   Found libzip, version 1.7.3
[3.081s] -- Looking for ignition-common3 -- found version 3.14.0
[3.081s] -- Looking for ignition-math6 -- found version 6.15.1
[3.082s] -- Looking for ignition-msgs5 -- found version 5.8.1
[3.088s] -- Gazebo version: 11.10
[3.094s] -- Found gazebo_ros2_control: 0.4.9 (/opt/ros/humble/share/gazebo_ros2_control/cmake)
[3.733s] -- Found gazebo_ros_pkgs: 3.7.0 (/opt/ros/humble/share/gazebo_ros_pkgs/cmake)
[3.735s] -- Found ros_gz: 0.244.14 (/opt/ros/humble/share/ros_gz/cmake)
[3.737s] -- Found ros_gz_bridge: 0.244.14 (/opt/ros/humble/share/ros_gz_bridge/cmake)
[3.939s] -- Found Protobuf: /usr/lib/x86_64-linux-gnu/libprotobuf.so (found version "3.12.4") 
[4.732s] -- Found ros_gz_sim: 0.244.14 (/opt/ros/humble/share/ros_gz_sim/cmake)
[4.737s] -- Found ros_gz_image: 0.244.14 (/opt/ros/humble/share/ros_gz_image/cmake)
[4.738s] -- Found ros2_control: 2.41.0 (/opt/ros/humble/share/ros2_control/cmake)
[4.739s] -- Found ros2_controllers: 2.35.0 (/opt/ros/humble/share/ros2_controllers/cmake)
[4.740s] -- Found xacro: 2.0.8 (/opt/ros/humble/share/xacro/cmake)
[4.741s] [31mCMake Error at CMakeLists.txt:53 (install):
[4.741s]   install TARGETS given target "example_joint_trajectory_publisher_cpp" which
[4.741s]   does not exist.
[4.741s] 
[4.741s] [0m
[4.826s] -- Found ament_lint_auto: 0.12.11 (/opt/ros/humble/share/ament_lint_auto/cmake)
[4.934s] -- Added test 'cppcheck' to perform static code analysis on C / C++ code
[4.934s] -- Configured cppcheck include dirs: /home/vansh/ros2_ws/src/robotic_arm/include
[4.934s] -- Configured cppcheck exclude dirs and/or files: 
[4.935s] -- Added test 'flake8' to check Python code syntax and style conventions
[4.936s] -- Added test 'lint_cmake' to check CMake code style
[4.937s] -- Added test 'pep257' to check Python code against some of the docstring style conventions in PEP 257
[4.940s] -- Added test 'uncrustify' to check C / C++ code style
[4.940s] -- Configured uncrustify additional arguments: 
[4.941s] -- Added test 'xmllint' to check XML markup files
[4.944s] -- Configuring incomplete, errors occurred!
[4.944s] See also "/home/vansh/ros2_ws/build/robotic_arm/CMakeFiles/CMakeOutput.log".
[4.961s] gmake: *** [Makefile:295: cmake_check_build_system] Error 1
[4.965s] Invoked command in '/home/vansh/ros2_ws/build/robotic_arm' returned '2': CMAKE_PREFIX_PATH=/home/vansh/new_ros2/install/my_robot_controller:/opt/ros/humble /usr/bin/cmake --build /home/vansh/ros2_ws/build/robotic_arm -- -j6 -l6
