[0.012s] Invoking command in '/home/vansh/ros2_ws/build/robotic_arm': CMAKE_PREFIX_PATH=/home/vansh/new_ros2/install/my_robot_controller:/opt/ros/humble /usr/bin/cmake --build /home/vansh/ros2_ws/build/robotic_arm -- -j6 -l6
[0.050s] -- Found ament_cmake: 1.3.9 (/opt/ros/humble/share/ament_cmake/cmake)
[0.276s] -- Found controller_manager: 2.41.0 (/opt/ros/humble/share/controller_manager/cmake)
[0.373s] -- Found rosidl_generator_c: 3.1.5 (/opt/ros/humble/share/rosidl_generator_c/cmake)
[0.382s] -- Found rosidl_adapter: 3.1.5 (/opt/ros/humble/share/rosidl_adapter/cmake)
[0.400s] -- Found rosidl_generator_cpp: 3.1.5 (/opt/ros/humble/share/rosidl_generator_cpp/cmake)
[0.425s] -- Using all available rosidl_typesupport_c: rosidl_typesupport_fastrtps_c;rosidl_typesupport_introspection_c
[0.462s] -- Using all available rosidl_typesupport_cpp: rosidl_typesupport_fastrtps_cpp;rosidl_typesupport_introspection_cpp
[1.395s] -- Found rmw_implementation_cmake: 6.1.2 (/opt/ros/humble/share/rmw_implementation_cmake/cmake)
[1.401s] -- Found rmw_fastrtps_cpp: 6.2.6 (/opt/ros/humble/share/rmw_fastrtps_cpp/cmake)
[1.469s] -- Found TinyXML2 via Config file: TinyXML2_DIR-NOTFOUND
[1.527s] -- Found OpenSSL: /usr/lib/x86_64-linux-gnu/libcrypto.so (found version "3.0.2")  
[1.534s] -- Found TinyXML2 via Config file: TinyXML2_DIR-NOTFOUND
[1.549s] -- Found FastRTPS: /opt/ros/humble/include  
[1.561s] -- Found TinyXML2 via Config file: TinyXML2_DIR-NOTFOUND
[1.570s] -- Found TinyXML2 via Config file: TinyXML2_DIR-NOTFOUND
[1.581s] -- Using RMW implementation 'rmw_fastrtps_cpp' as default
[1.607s] -- Looking for pthread.h
[1.768s] -- Looking for pthread.h - found
[1.769s] -- Performing Test CMAKE_HAVE_LIBC_PTHREAD
[1.876s] -- Performing Test CMAKE_HAVE_LIBC_PTHREAD - Success
[1.876s] -- Found Threads: TRUE  
[2.644s] -- Found gazebo_ros: 3.7.0 (/opt/ros/humble/share/gazebo_ros/cmake)
[2.661s] -- Found PkgConfig: /usr/bin/pkg-config (found version "0.29.2") 
[2.665s] -- Checking for module 'bullet>=2.82'
[2.680s] --   Found bullet, version 3.05
[2.808s] -- Found fcl: /usr/include (found suitable version "0.7.0", minimum required is "0.5.0") 
[2.863s] -- Found assimp: /usr/include (found version "5.2.0") 
[2.905s] -- Found DART: /usr/include (Required is at least version "6.6") found components: dart 
[2.953s] -- Found Boost: /usr/lib/x86_64-linux-gnu/cmake/Boost-1.74.0/BoostConfig.cmake (found suitable version "1.74.0", minimum required is "1.40.0") found components: thread system filesystem program_options regex iostreams date_time 
[2.987s] -- Found Protobuf: /usr/lib/x86_64-linux-gnu/libprotobuf.so (found version "3.12.4") 
[2.998s] -- Looking for ignition-math6 -- found version 6.15.1
[3.013s] -- Searching for dependencies of ignition-math6
[3.018s] -- Looking for OGRE...
[3.019s] -- OGRE_PREFIX_WATCH changed.
[3.025s] -- Checking for module 'OGRE'
[3.039s] --   Found OGRE, version 1.9.0
[3.079s] -- Found Ogre Ghadamon (1.9.0)
[3.086s] -- Found OGRE: optimized;/usr/lib/x86_64-linux-gnu/libOgreMain.so;debug;/usr/lib/x86_64-linux-gnu/libOgreMain.so
[3.097s] -- Looking for OGRE_Paging...
[3.105s] -- Found OGRE_Paging: optimized;/usr/lib/x86_64-linux-gnu/libOgrePaging.so;debug;/usr/lib/x86_64-linux-gnu/libOgrePaging.so
[3.105s] -- Looking for OGRE_Terrain...
[3.111s] -- Found OGRE_Terrain: optimized;/usr/lib/x86_64-linux-gnu/libOgreTerrain.so;debug;/usr/lib/x86_64-linux-gnu/libOgreTerrain.so
[3.111s] -- Looking for OGRE_Property...
[3.117s] -- Found OGRE_Property: optimized;/usr/lib/x86_64-linux-gnu/libOgreProperty.so;debug;/usr/lib/x86_64-linux-gnu/libOgreProperty.so
[3.117s] -- Looking for OGRE_RTShaderSystem...
[3.122s] -- Found OGRE_RTShaderSystem: optimized;/usr/lib/x86_64-linux-gnu/libOgreRTShaderSystem.so;debug;/usr/lib/x86_64-linux-gnu/libOgreRTShaderSystem.so
[3.122s] -- Looking for OGRE_Volume...
[3.128s] -- Found OGRE_Volume: optimized;/usr/lib/x86_64-linux-gnu/libOgreVolume.so;debug;/usr/lib/x86_64-linux-gnu/libOgreVolume.so
[3.128s] -- Looking for OGRE_Overlay...
[3.134s] -- Found OGRE_Overlay: optimized;/usr/lib/x86_64-linux-gnu/libOgreOverlay.so;debug;/usr/lib/x86_64-linux-gnu/libOgreOverlay.so
[3.256s] -- Looking for ignition-math6 -- found version 6.15.1
[3.261s] -- Looking for ignition-transport8 -- found version 8.2.1
[3.263s] -- Searching for dependencies of ignition-transport8
[3.282s] -- Found Protobuf: /usr/lib/x86_64-linux-gnu/libprotobuf.so (found suitable version "3.12.4", minimum required is "3") 
[3.295s] -- Config-file not installed for ZeroMQ -- checking for pkg-config
[3.299s] -- Checking for module 'libzmq >= 4'
[3.318s] --   Found libzmq , version 4.3.4
[3.353s] -- Found ZeroMQ: TRUE (Required is at least version "4") 
[3.361s] -- Checking for module 'uuid'
[3.376s] --   Found uuid, version 2.37.2
[3.409s] -- Found UUID: TRUE  
[3.412s] -- Looking for ignition-msgs5 -- found version 5.8.1
[3.413s] -- Searching for dependencies of ignition-msgs5
[3.434s] -- Looking for ignition-math6 -- found version 6.15.1
[3.440s] -- Checking for module 'tinyxml2'
[3.455s] --   Found tinyxml2, version 9.0.0
[3.492s] -- Looking for ignition-msgs5 -- found version 5.8.1
[3.498s] -- Looking for ignition-common3 -- found version 3.14.0
[3.499s] -- Searching for dependencies of ignition-common3
[3.500s] -- Looking for dlfcn.h - found
[3.501s] -- Looking for libdl - found
[3.502s] -- Found DL: TRUE  
[3.517s] -- Found tinyobjloader: /usr/lib/x86_64-linux-gnu/cmake/tinyobjloader/tinyobjloader-config.cmake (found version "2.0.0") 
[3.519s] -- Searching for <ignition-common3> component [graphics]
[3.522s] -- Looking for ignition-common3-graphics -- found version 3.14.0
[3.523s] -- Searching for dependencies of ignition-common3-graphics
[3.523s] -- Looking for ignition-math6 -- found version 6.15.1
[3.528s] -- Looking for ignition-fuel_tools4 -- found version 4.4.0
[3.529s] -- Searching for dependencies of ignition-fuel_tools4
[3.638s] -- Found CURL: /usr/lib/x86_64-linux-gnu/libcurl.so (found version "7.81.0")  
[3.651s] -- Checking for module 'jsoncpp'
[3.669s] --   Found jsoncpp, version 1.9.5
[3.703s] -- Found JSONCPP: TRUE  
[3.711s] -- Checking for module 'libzip'
[3.724s] --   Found libzip, version 1.7.3
[3.768s] -- Found ZIP: TRUE  
[3.768s] -- Looking for ignition-common3 -- found version 3.14.0
[3.769s] -- Looking for ignition-math6 -- found version 6.15.1
[3.769s] -- Looking for ignition-msgs5 -- found version 5.8.1
[3.777s] -- Gazebo version: 11.10
[3.778s] -- Checking for module 'tbb'
[3.792s] --   Found tbb, version 2021.5.0
[3.835s] -- Found gazebo_ros2_control: 0.4.9 (/opt/ros/humble/share/gazebo_ros2_control/cmake)
[4.510s] [31mCMake Error at CMakeLists.txt:13 (find_package):
[4.510s]   By not providing "Findgazebo_ros_pkgs.cmake" in CMAKE_MODULE_PATH this
[4.510s]   project has asked CMake to find a package configuration file provided by
[4.510s]   "gazebo_ros_pkgs", but CMake did not find one.
[4.510s] 
[4.510s]   Could not find a package configuration file provided by "gazebo_ros_pkgs"
[4.510s]   with any of the following names:
[4.510s] 
[4.510s]     gazebo_ros_pkgsConfig.cmake
[4.510s]     gazebo_ros_pkgs-config.cmake
[4.511s] 
[4.511s]   Add the installation prefix of "gazebo_ros_pkgs" to CMAKE_PREFIX_PATH or
[4.511s]   set "gazebo_ros_pkgs_DIR" to a directory containing one of the above files.
[4.511s]   If "gazebo_ros_pkgs" provides a separate development package or SDK, be
[4.511s]   sure it has been installed.
[4.511s] 
[4.511s] [0m
[4.511s] -- Configuring incomplete, errors occurred!
[4.511s] See also "/home/vansh/ros2_ws/build/robotic_arm/CMakeFiles/CMakeOutput.log".
[4.520s] gmake: *** [Makefile:226: cmake_check_build_system] Error 1
[4.522s] Invoked command in '/home/vansh/ros2_ws/build/robotic_arm' returned '2': CMAKE_PREFIX_PATH=/home/vansh/new_ros2/install/my_robot_controller:/opt/ros/humble /usr/bin/cmake --build /home/vansh/ros2_ws/build/robotic_arm -- -j6 -l6
