[0.149s] DEBUG:colcon:Command line arguments: ['/usr/bin/colcon', 'build']
[0.150s] DEBUG:colcon:Parsed command line arguments: Namespace(log_base=None, log_level=None, verb_name='build', build_base='build', install_base='install', merge_install=False, symlink_install=False, test_result_base=None, continue_on_error=False, executor='parallel', parallel_workers=6, event_handlers=None, ignore_user_meta=False, metas=['./colcon.meta'], base_paths=['.'], packages_ignore=None, packages_ignore_regex=None, paths=None, packages_up_to=None, packages_up_to_regex=None, packages_above=None, packages_above_and_dependencies=None, packages_above_depth=None, packages_select_by_dep=None, packages_skip_by_dep=None, packages_skip_up_to=None, packages_select_build_failed=False, packages_skip_build_finished=False, packages_select_test_failures=False, packages_skip_test_passed=False, packages_select=None, packages_skip=None, packages_select_regex=None, packages_skip_regex=None, packages_start=None, packages_end=None, allow_overriding=[], cmake_args=None, cmake_target=None, cmake_target_skip_unavailable=False, cmake_clean_cache=False, cmake_clean_first=False, cmake_force_configure=False, ament_cmake_args=None, catkin_cmake_args=None, catkin_skip_building_tests=False, mixin_files=None, mixin=None, verb_parser=<colcon_mixin.mixin.mixin_argument.MixinArgumentDecorator object at 0x746aaeb429b0>, verb_extension=<colcon_core.verb.build.BuildVerb object at 0x746aaecbbeb0>, main=<bound method BuildVerb.main of <colcon_core.verb.build.BuildVerb object at 0x746aaecbbeb0>>, mixin_verb=('build',))
[0.347s] Level 1:colcon.colcon_core.package_discovery:discover_packages(colcon_meta) check parameters
[0.348s] Level 1:colcon.colcon_core.package_discovery:discover_packages(recursive) check parameters
[0.348s] Level 1:colcon.colcon_core.package_discovery:discover_packages(ignore) check parameters
[0.348s] Level 1:colcon.colcon_core.package_discovery:discover_packages(path) check parameters
[0.348s] Level 1:colcon.colcon_core.package_discovery:discover_packages(colcon_meta) discover
[0.348s] Level 1:colcon.colcon_core.package_discovery:discover_packages(recursive) discover
[0.348s] INFO:colcon.colcon_core.package_discovery:Crawling recursively for packages in '/home/vansh/ros2_ws'
[0.348s] Level 1:colcon.colcon_core.package_identification:_identify(.) by extensions ['ignore', 'ignore_ament_install']
[0.348s] Level 1:colcon.colcon_core.package_identification:_identify(.) by extension 'ignore'
[0.348s] Level 1:colcon.colcon_core.package_identification:_identify(.) by extension 'ignore_ament_install'
[0.348s] Level 1:colcon.colcon_core.package_identification:_identify(.) by extensions ['colcon_pkg']
[0.348s] Level 1:colcon.colcon_core.package_identification:_identify(.) by extension 'colcon_pkg'
[0.348s] Level 1:colcon.colcon_core.package_identification:_identify(.) by extensions ['colcon_meta']
[0.348s] Level 1:colcon.colcon_core.package_identification:_identify(.) by extension 'colcon_meta'
[0.348s] Level 1:colcon.colcon_core.package_identification:_identify(.) by extensions ['ros']
[0.348s] Level 1:colcon.colcon_core.package_identification:_identify(.) by extension 'ros'
[0.362s] Level 1:colcon.colcon_core.package_identification:_identify(.) by extensions ['cmake', 'python']
[0.362s] Level 1:colcon.colcon_core.package_identification:_identify(.) by extension 'cmake'
[0.363s] Level 1:colcon.colcon_core.package_identification:_identify(.) by extension 'python'
[0.363s] Level 1:colcon.colcon_core.package_identification:_identify(.) by extensions ['python_setup_py']
[0.363s] Level 1:colcon.colcon_core.package_identification:_identify(.) by extension 'python_setup_py'
[0.363s] Level 1:colcon.colcon_core.package_identification:_identify(build) by extensions ['ignore', 'ignore_ament_install']
[0.363s] Level 1:colcon.colcon_core.package_identification:_identify(build) by extension 'ignore'
[0.363s] Level 1:colcon.colcon_core.package_identification:_identify(build) ignored
[0.363s] Level 1:colcon.colcon_core.package_identification:_identify(install) by extensions ['ignore', 'ignore_ament_install']
[0.363s] Level 1:colcon.colcon_core.package_identification:_identify(install) by extension 'ignore'
[0.363s] Level 1:colcon.colcon_core.package_identification:_identify(install) ignored
[0.364s] Level 1:colcon.colcon_core.package_identification:_identify(log) by extensions ['ignore', 'ignore_ament_install']
[0.364s] Level 1:colcon.colcon_core.package_identification:_identify(log) by extension 'ignore'
[0.364s] Level 1:colcon.colcon_core.package_identification:_identify(log) ignored
[0.364s] Level 1:colcon.colcon_core.package_identification:_identify(src) by extensions ['ignore', 'ignore_ament_install']
[0.364s] Level 1:colcon.colcon_core.package_identification:_identify(src) by extension 'ignore'
[0.364s] Level 1:colcon.colcon_core.package_identification:_identify(src) by extension 'ignore_ament_install'
[0.364s] Level 1:colcon.colcon_core.package_identification:_identify(src) by extensions ['colcon_pkg']
[0.364s] Level 1:colcon.colcon_core.package_identification:_identify(src) by extension 'colcon_pkg'
[0.364s] Level 1:colcon.colcon_core.package_identification:_identify(src) by extensions ['colcon_meta']
[0.364s] Level 1:colcon.colcon_core.package_identification:_identify(src) by extension 'colcon_meta'
[0.364s] Level 1:colcon.colcon_core.package_identification:_identify(src) by extensions ['ros']
[0.364s] Level 1:colcon.colcon_core.package_identification:_identify(src) by extension 'ros'
[0.364s] Level 1:colcon.colcon_core.package_identification:_identify(src) by extensions ['cmake', 'python']
[0.365s] Level 1:colcon.colcon_core.package_identification:_identify(src) by extension 'cmake'
[0.365s] Level 1:colcon.colcon_core.package_identification:_identify(src) by extension 'python'
[0.365s] Level 1:colcon.colcon_core.package_identification:_identify(src) by extensions ['python_setup_py']
[0.365s] Level 1:colcon.colcon_core.package_identification:_identify(src) by extension 'python_setup_py'
[0.365s] Level 1:colcon.colcon_core.package_identification:_identify(src/mycobot_description) by extensions ['ignore', 'ignore_ament_install']
[0.365s] Level 1:colcon.colcon_core.package_identification:_identify(src/mycobot_description) by extension 'ignore'
[0.365s] Level 1:colcon.colcon_core.package_identification:_identify(src/mycobot_description) by extension 'ignore_ament_install'
[0.365s] Level 1:colcon.colcon_core.package_identification:_identify(src/mycobot_description) by extensions ['colcon_pkg']
[0.365s] Level 1:colcon.colcon_core.package_identification:_identify(src/mycobot_description) by extension 'colcon_pkg'
[0.365s] Level 1:colcon.colcon_core.package_identification:_identify(src/mycobot_description) by extensions ['colcon_meta']
[0.365s] Level 1:colcon.colcon_core.package_identification:_identify(src/mycobot_description) by extension 'colcon_meta'
[0.365s] Level 1:colcon.colcon_core.package_identification:_identify(src/mycobot_description) by extensions ['ros']
[0.365s] Level 1:colcon.colcon_core.package_identification:_identify(src/mycobot_description) by extension 'ros'
[0.368s] DEBUG:colcon.colcon_core.package_identification:Package 'src/mycobot_description' with type 'ros.ament_cmake' and name 'mycobot_description'
[0.368s] Level 1:colcon.colcon_core.package_identification:_identify(src/robotic_arm) by extensions ['ignore', 'ignore_ament_install']
[0.368s] Level 1:colcon.colcon_core.package_identification:_identify(src/robotic_arm) by extension 'ignore'
[0.368s] Level 1:colcon.colcon_core.package_identification:_identify(src/robotic_arm) by extension 'ignore_ament_install'
[0.368s] Level 1:colcon.colcon_core.package_identification:_identify(src/robotic_arm) by extensions ['colcon_pkg']
[0.369s] Level 1:colcon.colcon_core.package_identification:_identify(src/robotic_arm) by extension 'colcon_pkg'
[0.369s] Level 1:colcon.colcon_core.package_identification:_identify(src/robotic_arm) by extensions ['colcon_meta']
[0.369s] Level 1:colcon.colcon_core.package_identification:_identify(src/robotic_arm) by extension 'colcon_meta'
[0.369s] Level 1:colcon.colcon_core.package_identification:_identify(src/robotic_arm) by extensions ['ros']
[0.369s] Level 1:colcon.colcon_core.package_identification:_identify(src/robotic_arm) by extension 'ros'
[0.370s] DEBUG:colcon.colcon_core.package_identification:Package 'src/robotic_arm' with type 'ros.ament_cmake' and name 'robotic_arm'
[0.371s] Level 1:colcon.colcon_core.package_discovery:discover_packages(recursive) using defaults
[0.371s] Level 1:colcon.colcon_core.package_discovery:discover_packages(ignore) discover
[0.371s] Level 1:colcon.colcon_core.package_discovery:discover_packages(ignore) using defaults
[0.371s] Level 1:colcon.colcon_core.package_discovery:discover_packages(path) discover
[0.371s] Level 1:colcon.colcon_core.package_discovery:discover_packages(path) using defaults
[0.394s] Level 1:colcon.colcon_core.package_discovery:discover_packages(prefix_path) check parameters
[0.394s] Level 1:colcon.colcon_core.package_discovery:discover_packages(prefix_path) discover
[0.396s] DEBUG:colcon.colcon_installed_package_information.package_discovery:Found 2 installed packages in /home/vansh/ros2_ws/install
[0.397s] DEBUG:colcon.colcon_installed_package_information.package_discovery:Found 1 installed packages in /home/vansh/new_ros2/install
[0.398s] DEBUG:colcon.colcon_installed_package_information.package_discovery:Found 332 installed packages in /opt/ros/humble
[0.410s] Level 1:colcon.colcon_core.package_discovery:discover_packages(prefix_path) using defaults
[0.462s] Level 5:colcon.colcon_core.verb:set package 'mycobot_description' build argument 'cmake_args' from command line to 'None'
[0.463s] Level 5:colcon.colcon_core.verb:set package 'mycobot_description' build argument 'cmake_target' from command line to 'None'
[0.463s] Level 5:colcon.colcon_core.verb:set package 'mycobot_description' build argument 'cmake_target_skip_unavailable' from command line to 'False'
[0.463s] Level 5:colcon.colcon_core.verb:set package 'mycobot_description' build argument 'cmake_clean_cache' from command line to 'False'
[0.463s] Level 5:colcon.colcon_core.verb:set package 'mycobot_description' build argument 'cmake_clean_first' from command line to 'False'
[0.463s] Level 5:colcon.colcon_core.verb:set package 'mycobot_description' build argument 'cmake_force_configure' from command line to 'False'
[0.463s] Level 5:colcon.colcon_core.verb:set package 'mycobot_description' build argument 'ament_cmake_args' from command line to 'None'
[0.463s] Level 5:colcon.colcon_core.verb:set package 'mycobot_description' build argument 'catkin_cmake_args' from command line to 'None'
[0.463s] Level 5:colcon.colcon_core.verb:set package 'mycobot_description' build argument 'catkin_skip_building_tests' from command line to 'False'
[0.463s] DEBUG:colcon.colcon_core.verb:Building package 'mycobot_description' with the following arguments: {'ament_cmake_args': None, 'build_base': '/home/vansh/ros2_ws/build/mycobot_description', 'catkin_cmake_args': None, 'catkin_skip_building_tests': False, 'cmake_args': None, 'cmake_clean_cache': False, 'cmake_clean_first': False, 'cmake_force_configure': False, 'cmake_target': None, 'cmake_target_skip_unavailable': False, 'install_base': '/home/vansh/ros2_ws/install/mycobot_description', 'merge_install': False, 'path': '/home/vansh/ros2_ws/src/mycobot_description', 'symlink_install': False, 'test_result_base': None}
[0.463s] Level 5:colcon.colcon_core.verb:set package 'robotic_arm' build argument 'cmake_args' from command line to 'None'
[0.463s] Level 5:colcon.colcon_core.verb:set package 'robotic_arm' build argument 'cmake_target' from command line to 'None'
[0.463s] Level 5:colcon.colcon_core.verb:set package 'robotic_arm' build argument 'cmake_target_skip_unavailable' from command line to 'False'
[0.463s] Level 5:colcon.colcon_core.verb:set package 'robotic_arm' build argument 'cmake_clean_cache' from command line to 'False'
[0.463s] Level 5:colcon.colcon_core.verb:set package 'robotic_arm' build argument 'cmake_clean_first' from command line to 'False'
[0.463s] Level 5:colcon.colcon_core.verb:set package 'robotic_arm' build argument 'cmake_force_configure' from command line to 'False'
[0.464s] Level 5:colcon.colcon_core.verb:set package 'robotic_arm' build argument 'ament_cmake_args' from command line to 'None'
[0.464s] Level 5:colcon.colcon_core.verb:set package 'robotic_arm' build argument 'catkin_cmake_args' from command line to 'None'
[0.464s] Level 5:colcon.colcon_core.verb:set package 'robotic_arm' build argument 'catkin_skip_building_tests' from command line to 'False'
[0.464s] DEBUG:colcon.colcon_core.verb:Building package 'robotic_arm' with the following arguments: {'ament_cmake_args': None, 'build_base': '/home/vansh/ros2_ws/build/robotic_arm', 'catkin_cmake_args': None, 'catkin_skip_building_tests': False, 'cmake_args': None, 'cmake_clean_cache': False, 'cmake_clean_first': False, 'cmake_force_configure': False, 'cmake_target': None, 'cmake_target_skip_unavailable': False, 'install_base': '/home/vansh/ros2_ws/install/robotic_arm', 'merge_install': False, 'path': '/home/vansh/ros2_ws/src/robotic_arm', 'symlink_install': False, 'test_result_base': None}
[0.464s] INFO:colcon.colcon_core.executor:Executing jobs using 'parallel' executor
[0.465s] DEBUG:colcon.colcon_parallel_executor.executor.parallel:run_until_complete
[0.465s] INFO:colcon.colcon_ros.task.ament_cmake.build:Building ROS package in '/home/vansh/ros2_ws/src/mycobot_description' with build type 'ament_cmake'
[0.465s] INFO:colcon.colcon_cmake.task.cmake.build:Building CMake package in '/home/vansh/ros2_ws/src/mycobot_description'
[0.468s] INFO:colcon.colcon_core.plugin_system:Skipping extension 'colcon_core.shell.bat': Not used on non-Windows systems
[0.468s] INFO:colcon.colcon_core.shell:Skip shell extension 'powershell' for command environment: Not usable outside of PowerShell
[0.468s] DEBUG:colcon.colcon_core.shell:Skip shell extension 'dsv' for command environment
[0.473s] INFO:colcon.colcon_ros.task.ament_cmake.build:Building ROS package in '/home/vansh/ros2_ws/src/robotic_arm' with build type 'ament_cmake'
[0.473s] INFO:colcon.colcon_cmake.task.cmake.build:Building CMake package in '/home/vansh/ros2_ws/src/robotic_arm'
[0.473s] INFO:colcon.colcon_core.shell:Skip shell extension 'powershell' for command environment: Not usable outside of PowerShell
[0.473s] DEBUG:colcon.colcon_core.shell:Skip shell extension 'dsv' for command environment
[0.485s] DEBUG:colcon.colcon_core.event_handler.log_command:Invoking command in '/home/vansh/ros2_ws/build/mycobot_description': CMAKE_PREFIX_PATH=${CMAKE_PREFIX_PATH}:/home/vansh/new_ros2/install/my_robot_controller:/opt/ros/humble /usr/bin/cmake --build /home/vansh/ros2_ws/build/mycobot_description -- -j6 -l6
[0.491s] DEBUG:colcon.colcon_core.event_handler.log_command:Invoking command in '/home/vansh/ros2_ws/build/robotic_arm': CMAKE_PREFIX_PATH=${CMAKE_PREFIX_PATH}:/home/vansh/new_ros2/install/my_robot_controller:/opt/ros/humble /usr/bin/cmake --build /home/vansh/ros2_ws/build/robotic_arm -- -j6 -l6
[0.534s] DEBUG:colcon.colcon_core.event_handler.log_command:Invoked command in '/home/vansh/ros2_ws/build/mycobot_description' returned '0': CMAKE_PREFIX_PATH=${CMAKE_PREFIX_PATH}:/home/vansh/new_ros2/install/my_robot_controller:/opt/ros/humble /usr/bin/cmake --build /home/vansh/ros2_ws/build/mycobot_description -- -j6 -l6
[0.573s] DEBUG:colcon.colcon_core.event_handler.log_command:Invoking command in '/home/vansh/ros2_ws/build/mycobot_description': CMAKE_PREFIX_PATH=${CMAKE_PREFIX_PATH}:/home/vansh/new_ros2/install/my_robot_controller:/opt/ros/humble /usr/bin/cmake --install /home/vansh/ros2_ws/build/mycobot_description
[0.600s] Level 1:colcon.colcon_core.environment:create_environment_scripts_only(mycobot_description)
[0.601s] DEBUG:colcon.colcon_core.event_handler.log_command:Invoked command in '/home/vansh/ros2_ws/build/mycobot_description' returned '0': CMAKE_PREFIX_PATH=${CMAKE_PREFIX_PATH}:/home/vansh/new_ros2/install/my_robot_controller:/opt/ros/humble /usr/bin/cmake --install /home/vansh/ros2_ws/build/mycobot_description
[0.605s] Level 1:colcon.colcon_core.environment:checking '/home/vansh/ros2_ws/install/mycobot_description' for CMake module files
[0.606s] Level 1:colcon.colcon_core.environment:checking '/home/vansh/ros2_ws/install/mycobot_description' for CMake config files
[0.606s] Level 1:colcon.colcon_core.shell:create_environment_hook('mycobot_description', 'cmake_prefix_path')
[0.606s] INFO:colcon.colcon_core.shell:Creating environment hook '/home/vansh/ros2_ws/install/mycobot_description/share/mycobot_description/hook/cmake_prefix_path.ps1'
[0.607s] INFO:colcon.colcon_core.shell:Creating environment descriptor '/home/vansh/ros2_ws/install/mycobot_description/share/mycobot_description/hook/cmake_prefix_path.dsv'
[0.608s] INFO:colcon.colcon_core.shell:Creating environment hook '/home/vansh/ros2_ws/install/mycobot_description/share/mycobot_description/hook/cmake_prefix_path.sh'
[0.610s] Level 1:colcon.colcon_core.environment:checking '/home/vansh/ros2_ws/install/mycobot_description/bin'
[0.610s] Level 1:colcon.colcon_core.environment:checking '/home/vansh/ros2_ws/install/mycobot_description/lib/pkgconfig/mycobot_description.pc'
[0.611s] Level 1:colcon.colcon_core.environment:checking '/home/vansh/ros2_ws/install/mycobot_description/lib/python3.10/site-packages'
[0.612s] Level 1:colcon.colcon_core.environment:checking '/home/vansh/ros2_ws/install/mycobot_description/bin'
[0.613s] INFO:colcon.colcon_core.shell:Creating package script '/home/vansh/ros2_ws/install/mycobot_description/share/mycobot_description/package.ps1'
[0.615s] INFO:colcon.colcon_core.shell:Creating package descriptor '/home/vansh/ros2_ws/install/mycobot_description/share/mycobot_description/package.dsv'
[0.616s] INFO:colcon.colcon_core.shell:Creating package script '/home/vansh/ros2_ws/install/mycobot_description/share/mycobot_description/package.sh'
[0.617s] INFO:colcon.colcon_core.shell:Creating package script '/home/vansh/ros2_ws/install/mycobot_description/share/mycobot_description/package.bash'
[0.618s] INFO:colcon.colcon_core.shell:Creating package script '/home/vansh/ros2_ws/install/mycobot_description/share/mycobot_description/package.zsh'
[0.619s] Level 1:colcon.colcon_core.environment:create_file_with_runtime_dependencies(/home/vansh/ros2_ws/install/mycobot_description/share/colcon-core/packages/mycobot_description)
[0.646s] Level 1:colcon.colcon_core.environment:create_environment_scripts_only(mycobot_description)
[0.646s] Level 1:colcon.colcon_core.environment:checking '/home/vansh/ros2_ws/install/mycobot_description' for CMake module files
[0.647s] Level 1:colcon.colcon_core.environment:checking '/home/vansh/ros2_ws/install/mycobot_description' for CMake config files
[0.648s] Level 1:colcon.colcon_core.shell:create_environment_hook('mycobot_description', 'cmake_prefix_path')
[0.648s] INFO:colcon.colcon_core.shell:Creating environment hook '/home/vansh/ros2_ws/install/mycobot_description/share/mycobot_description/hook/cmake_prefix_path.ps1'
[0.649s] INFO:colcon.colcon_core.shell:Creating environment descriptor '/home/vansh/ros2_ws/install/mycobot_description/share/mycobot_description/hook/cmake_prefix_path.dsv'
[0.649s] INFO:colcon.colcon_core.shell:Creating environment hook '/home/vansh/ros2_ws/install/mycobot_description/share/mycobot_description/hook/cmake_prefix_path.sh'
[0.650s] Level 1:colcon.colcon_core.environment:checking '/home/vansh/ros2_ws/install/mycobot_description/bin'
[0.650s] Level 1:colcon.colcon_core.environment:checking '/home/vansh/ros2_ws/install/mycobot_description/lib/pkgconfig/mycobot_description.pc'
[0.650s] Level 1:colcon.colcon_core.environment:checking '/home/vansh/ros2_ws/install/mycobot_description/lib/python3.10/site-packages'
[0.651s] Level 1:colcon.colcon_core.environment:checking '/home/vansh/ros2_ws/install/mycobot_description/bin'
[0.651s] INFO:colcon.colcon_core.shell:Creating package script '/home/vansh/ros2_ws/install/mycobot_description/share/mycobot_description/package.ps1'
[0.652s] INFO:colcon.colcon_core.shell:Creating package descriptor '/home/vansh/ros2_ws/install/mycobot_description/share/mycobot_description/package.dsv'
[0.652s] INFO:colcon.colcon_core.shell:Creating package script '/home/vansh/ros2_ws/install/mycobot_description/share/mycobot_description/package.sh'
[0.653s] INFO:colcon.colcon_core.shell:Creating package script '/home/vansh/ros2_ws/install/mycobot_description/share/mycobot_description/package.bash'
[0.654s] INFO:colcon.colcon_core.shell:Creating package script '/home/vansh/ros2_ws/install/mycobot_description/share/mycobot_description/package.zsh'
[0.654s] Level 1:colcon.colcon_core.environment:create_file_with_runtime_dependencies(/home/vansh/ros2_ws/install/mycobot_description/share/colcon-core/packages/mycobot_description)
[0.931s] DEBUG:colcon.colcon_core.event_handler.log_command:Invoked command in '/home/vansh/ros2_ws/build/robotic_arm' returned '0': CMAKE_PREFIX_PATH=${CMAKE_PREFIX_PATH}:/home/vansh/new_ros2/install/my_robot_controller:/opt/ros/humble /usr/bin/cmake --build /home/vansh/ros2_ws/build/robotic_arm -- -j6 -l6
[0.961s] DEBUG:colcon.colcon_core.event_handler.log_command:Invoking command in '/home/vansh/ros2_ws/build/robotic_arm': CMAKE_PREFIX_PATH=${CMAKE_PREFIX_PATH}:/home/vansh/new_ros2/install/my_robot_controller:/opt/ros/humble /usr/bin/cmake --install /home/vansh/ros2_ws/build/robotic_arm
[1.016s] Level 1:colcon.colcon_core.environment:create_environment_scripts_only(robotic_arm)
[1.017s] Level 1:colcon.colcon_core.environment:checking '/home/vansh/ros2_ws/install/robotic_arm' for CMake module files
[1.017s] DEBUG:colcon.colcon_core.event_handler.log_command:Invoked command in '/home/vansh/ros2_ws/build/robotic_arm' returned '0': CMAKE_PREFIX_PATH=${CMAKE_PREFIX_PATH}:/home/vansh/new_ros2/install/my_robot_controller:/opt/ros/humble /usr/bin/cmake --install /home/vansh/ros2_ws/build/robotic_arm
[1.018s] Level 1:colcon.colcon_core.environment:checking '/home/vansh/ros2_ws/install/robotic_arm' for CMake config files
[1.018s] Level 1:colcon.colcon_core.shell:create_environment_hook('robotic_arm', 'cmake_prefix_path')
[1.019s] INFO:colcon.colcon_core.shell:Creating environment hook '/home/vansh/ros2_ws/install/robotic_arm/share/robotic_arm/hook/cmake_prefix_path.ps1'
[1.019s] INFO:colcon.colcon_core.shell:Creating environment descriptor '/home/vansh/ros2_ws/install/robotic_arm/share/robotic_arm/hook/cmake_prefix_path.dsv'
[1.020s] INFO:colcon.colcon_core.shell:Creating environment hook '/home/vansh/ros2_ws/install/robotic_arm/share/robotic_arm/hook/cmake_prefix_path.sh'
[1.020s] Level 1:colcon.colcon_core.environment:checking '/home/vansh/ros2_ws/install/robotic_arm/lib'
[1.021s] Level 1:colcon.colcon_core.environment:checking '/home/vansh/ros2_ws/install/robotic_arm/bin'
[1.021s] Level 1:colcon.colcon_core.environment:checking '/home/vansh/ros2_ws/install/robotic_arm/lib/pkgconfig/robotic_arm.pc'
[1.021s] Level 1:colcon.colcon_core.environment:checking '/home/vansh/ros2_ws/install/robotic_arm/lib/python3.10/site-packages'
[1.021s] Level 1:colcon.colcon_core.environment:checking '/home/vansh/ros2_ws/install/robotic_arm/bin'
[1.022s] INFO:colcon.colcon_core.shell:Creating package script '/home/vansh/ros2_ws/install/robotic_arm/share/robotic_arm/package.ps1'
[1.022s] INFO:colcon.colcon_core.shell:Creating package descriptor '/home/vansh/ros2_ws/install/robotic_arm/share/robotic_arm/package.dsv'
[1.023s] INFO:colcon.colcon_core.shell:Creating package script '/home/vansh/ros2_ws/install/robotic_arm/share/robotic_arm/package.sh'
[1.023s] INFO:colcon.colcon_core.shell:Creating package script '/home/vansh/ros2_ws/install/robotic_arm/share/robotic_arm/package.bash'
[1.024s] INFO:colcon.colcon_core.shell:Creating package script '/home/vansh/ros2_ws/install/robotic_arm/share/robotic_arm/package.zsh'
[1.024s] Level 1:colcon.colcon_core.environment:create_file_with_runtime_dependencies(/home/vansh/ros2_ws/install/robotic_arm/share/colcon-core/packages/robotic_arm)
[1.054s] Level 1:colcon.colcon_core.environment:create_environment_scripts_only(robotic_arm)
[1.055s] Level 1:colcon.colcon_core.environment:checking '/home/vansh/ros2_ws/install/robotic_arm' for CMake module files
[1.055s] Level 1:colcon.colcon_core.environment:checking '/home/vansh/ros2_ws/install/robotic_arm' for CMake config files
[1.056s] Level 1:colcon.colcon_core.shell:create_environment_hook('robotic_arm', 'cmake_prefix_path')
[1.056s] INFO:colcon.colcon_core.shell:Creating environment hook '/home/vansh/ros2_ws/install/robotic_arm/share/robotic_arm/hook/cmake_prefix_path.ps1'
[1.057s] INFO:colcon.colcon_core.shell:Creating environment descriptor '/home/vansh/ros2_ws/install/robotic_arm/share/robotic_arm/hook/cmake_prefix_path.dsv'
[1.057s] INFO:colcon.colcon_core.shell:Creating environment hook '/home/vansh/ros2_ws/install/robotic_arm/share/robotic_arm/hook/cmake_prefix_path.sh'
[1.058s] Level 1:colcon.colcon_core.environment:checking '/home/vansh/ros2_ws/install/robotic_arm/lib'
[1.058s] Level 1:colcon.colcon_core.environment:checking '/home/vansh/ros2_ws/install/robotic_arm/bin'
[1.058s] Level 1:colcon.colcon_core.environment:checking '/home/vansh/ros2_ws/install/robotic_arm/lib/pkgconfig/robotic_arm.pc'
[1.058s] Level 1:colcon.colcon_core.environment:checking '/home/vansh/ros2_ws/install/robotic_arm/lib/python3.10/site-packages'
[1.058s] Level 1:colcon.colcon_core.environment:checking '/home/vansh/ros2_ws/install/robotic_arm/bin'
[1.059s] INFO:colcon.colcon_core.shell:Creating package script '/home/vansh/ros2_ws/install/robotic_arm/share/robotic_arm/package.ps1'
[1.059s] INFO:colcon.colcon_core.shell:Creating package descriptor '/home/vansh/ros2_ws/install/robotic_arm/share/robotic_arm/package.dsv'
[1.060s] INFO:colcon.colcon_core.shell:Creating package script '/home/vansh/ros2_ws/install/robotic_arm/share/robotic_arm/package.sh'
[1.060s] INFO:colcon.colcon_core.shell:Creating package script '/home/vansh/ros2_ws/install/robotic_arm/share/robotic_arm/package.bash'
[1.061s] INFO:colcon.colcon_core.shell:Creating package script '/home/vansh/ros2_ws/install/robotic_arm/share/robotic_arm/package.zsh'
[1.061s] Level 1:colcon.colcon_core.environment:create_file_with_runtime_dependencies(/home/vansh/ros2_ws/install/robotic_arm/share/colcon-core/packages/robotic_arm)
[1.062s] DEBUG:colcon.colcon_parallel_executor.executor.parallel:closing loop
[1.062s] DEBUG:colcon.colcon_parallel_executor.executor.parallel:loop closed
[1.062s] DEBUG:colcon.colcon_parallel_executor.executor.parallel:run_until_complete finished with '0'
[1.062s] DEBUG:colcon.colcon_core.event_reactor:joining thread
[1.069s] INFO:colcon.colcon_core.plugin_system:Skipping extension 'colcon_notification.desktop_notification.terminal_notifier': Not used on non-Darwin systems
[1.069s] INFO:colcon.colcon_core.plugin_system:Skipping extension 'colcon_notification.desktop_notification.win32': Not used on non-Windows systems
[1.069s] INFO:colcon.colcon_notification.desktop_notification:Sending desktop notification using 'notify2'
[1.083s] DEBUG:colcon.colcon_core.event_reactor:joined thread
[1.084s] INFO:colcon.colcon_core.shell:Creating prefix script '/home/vansh/ros2_ws/install/local_setup.ps1'
[1.085s] INFO:colcon.colcon_core.shell:Creating prefix util module '/home/vansh/ros2_ws/install/_local_setup_util_ps1.py'
[1.087s] INFO:colcon.colcon_core.shell:Creating prefix chain script '/home/vansh/ros2_ws/install/setup.ps1'
[1.088s] INFO:colcon.colcon_core.shell:Creating prefix script '/home/vansh/ros2_ws/install/local_setup.sh'
[1.089s] INFO:colcon.colcon_core.shell:Creating prefix util module '/home/vansh/ros2_ws/install/_local_setup_util_sh.py'
[1.089s] INFO:colcon.colcon_core.shell:Creating prefix chain script '/home/vansh/ros2_ws/install/setup.sh'
[1.090s] INFO:colcon.colcon_core.shell:Creating prefix script '/home/vansh/ros2_ws/install/local_setup.bash'
[1.091s] INFO:colcon.colcon_core.shell:Creating prefix chain script '/home/vansh/ros2_ws/install/setup.bash'
[1.093s] INFO:colcon.colcon_core.shell:Creating prefix script '/home/vansh/ros2_ws/install/local_setup.zsh'
[1.093s] INFO:colcon.colcon_core.shell:Creating prefix chain script '/home/vansh/ros2_ws/install/setup.zsh'
