[0.017s] Invoking command in '/home/vansh/ros2_ws/build/robotic_arm': CMAKE_PREFIX_PATH=/home/vansh/new_ros2/install/my_robot_controller:/opt/ros/humble /usr/bin/cmake --build /home/vansh/ros2_ws/build/robotic_arm -- -j6 -l6
[0.049s] -- Found ament_cmake: 1.3.9 (/opt/ros/humble/share/ament_cmake/cmake)
[0.187s] -- Found controller_manager: 2.41.0 (/opt/ros/humble/share/controller_manager/cmake)
[0.219s] -- Found rosidl_generator_c: 3.1.5 (/opt/ros/humble/share/rosidl_generator_c/cmake)
[0.222s] -- Found rosidl_adapter: 3.1.5 (/opt/ros/humble/share/rosidl_adapter/cmake)
[0.229s] -- Found rosidl_generator_cpp: 3.1.5 (/opt/ros/humble/share/rosidl_generator_cpp/cmake)
[0.242s] -- Using all available rosidl_typesupport_c: rosidl_typesupport_fastrtps_c;rosidl_typesupport_introspection_c
[0.258s] -- Using all available rosidl_typesupport_cpp: rosidl_typesupport_fastrtps_cpp;rosidl_typesupport_introspection_cpp
[0.934s] -- Found rmw_implementation_cmake: 6.1.2 (/opt/ros/humble/share/rmw_implementation_cmake/cmake)
[0.936s] -- Found rmw_fastrtps_cpp: 6.2.6 (/opt/ros/humble/share/rmw_fastrtps_cpp/cmake)
[0.970s] -- Found TinyXML2 via Config file: TinyXML2_DIR-NOTFOUND
[0.979s] -- Found TinyXML2 via Config file: TinyXML2_DIR-NOTFOUND
[1.006s] -- Found TinyXML2 via Config file: TinyXML2_DIR-NOTFOUND
[1.016s] -- Found TinyXML2 via Config file: TinyXML2_DIR-NOTFOUND
[1.026s] -- Using RMW implementation 'rmw_fastrtps_cpp' as default
[1.715s] -- Found gazebo_ros: 3.7.0 (/opt/ros/humble/share/gazebo_ros/cmake)
[1.751s] -- Found DART: /usr/include (Required is at least version "6.6") found components: dart 
[1.784s] -- Looking for ignition-math6 -- found version 6.15.1
[1.789s] -- Searching for dependencies of ignition-math6
[1.790s] -- Looking for OGRE...
[1.797s] -- Found Ogre Ghadamon (1.9.0)
[1.797s] -- Found OGRE: optimized;/usr/lib/x86_64-linux-gnu/libOgreMain.so;debug;/usr/lib/x86_64-linux-gnu/libOgreMain.so
[1.808s] -- Looking for OGRE_Paging...
[1.808s] -- Found OGRE_Paging: optimized;/usr/lib/x86_64-linux-gnu/libOgrePaging.so;debug;/usr/lib/x86_64-linux-gnu/libOgrePaging.so
[1.809s] -- Looking for OGRE_Terrain...
[1.809s] -- Found OGRE_Terrain: optimized;/usr/lib/x86_64-linux-gnu/libOgreTerrain.so;debug;/usr/lib/x86_64-linux-gnu/libOgreTerrain.so
[1.809s] -- Looking for OGRE_Property...
[1.809s] -- Found OGRE_Property: optimized;/usr/lib/x86_64-linux-gnu/libOgreProperty.so;debug;/usr/lib/x86_64-linux-gnu/libOgreProperty.so
[1.809s] -- Looking for OGRE_RTShaderSystem...
[1.809s] -- Found OGRE_RTShaderSystem: optimized;/usr/lib/x86_64-linux-gnu/libOgreRTShaderSystem.so;debug;/usr/lib/x86_64-linux-gnu/libOgreRTShaderSystem.so
[1.809s] -- Looking for OGRE_Volume...
[1.809s] -- Found OGRE_Volume: optimized;/usr/lib/x86_64-linux-gnu/libOgreVolume.so;debug;/usr/lib/x86_64-linux-gnu/libOgreVolume.so
[1.810s] -- Looking for OGRE_Overlay...
[1.810s] -- Found OGRE_Overlay: optimized;/usr/lib/x86_64-linux-gnu/libOgreOverlay.so;debug;/usr/lib/x86_64-linux-gnu/libOgreOverlay.so
[1.930s] -- Looking for ignition-math6 -- found version 6.15.1
[1.930s] -- Looking for ignition-transport8 -- found version 8.2.1
[1.931s] -- Searching for dependencies of ignition-transport8
[1.952s] -- Found Protobuf: /usr/lib/x86_64-linux-gnu/libprotobuf.so (found suitable version "3.12.4", minimum required is "3") 
[1.964s] -- Config-file not installed for ZeroMQ -- checking for pkg-config
[1.969s] -- Checking for module 'libzmq >= 4'
[1.983s] --   Found libzmq , version 4.3.4
[2.027s] -- Checking for module 'uuid'
[2.040s] --   Found uuid, version 2.37.2
[2.077s] -- Looking for ignition-msgs5 -- found version 5.8.1
[2.078s] -- Searching for dependencies of ignition-msgs5
[2.099s] -- Looking for ignition-math6 -- found version 6.15.1
[2.104s] -- Checking for module 'tinyxml2'
[2.118s] --   Found tinyxml2, version 9.0.0
[2.152s] -- Looking for ignition-msgs5 -- found version 5.8.1
[2.153s] -- Looking for ignition-common3 -- found version 3.14.0
[2.153s] -- Searching for dependencies of ignition-common3
[2.154s] -- Looking for dlfcn.h - found
[2.154s] -- Looking for libdl - found
[2.166s] -- Searching for <ignition-common3> component [graphics]
[2.167s] -- Looking for ignition-common3-graphics -- found version 3.14.0
[2.167s] -- Searching for dependencies of ignition-common3-graphics
[2.168s] -- Looking for ignition-math6 -- found version 6.15.1
[2.169s] -- Looking for ignition-fuel_tools4 -- found version 4.4.0
[2.169s] -- Searching for dependencies of ignition-fuel_tools4
[2.209s] -- Checking for module 'jsoncpp'
[2.222s] --   Found jsoncpp, version 1.9.5
[2.264s] -- Checking for module 'libzip'
[2.277s] --   Found libzip, version 1.7.3
[2.312s] -- Looking for ignition-common3 -- found version 3.14.0
[2.313s] -- Looking for ignition-math6 -- found version 6.15.1
[2.313s] -- Looking for ignition-msgs5 -- found version 5.8.1
[2.315s] -- Gazebo version: 11.10
[2.322s] -- Found gazebo_ros2_control: 0.4.9 (/opt/ros/humble/share/gazebo_ros2_control/cmake)
[2.960s] -- Found gazebo_ros_pkgs: 3.7.0 (/opt/ros/humble/share/gazebo_ros_pkgs/cmake)
[2.960s] -- Found ros_gz: 0.244.14 (/opt/ros/humble/share/ros_gz/cmake)
[2.961s] -- Found ros_gz_bridge: 0.244.14 (/opt/ros/humble/share/ros_gz_bridge/cmake)
[3.132s] -- Found Protobuf: /usr/lib/x86_64-linux-gnu/libprotobuf.so (found version "3.12.4") 
[3.832s] -- Found ros_gz_sim: 0.244.14 (/opt/ros/humble/share/ros_gz_sim/cmake)
[3.835s] -- Found ros_gz_image: 0.244.14 (/opt/ros/humble/share/ros_gz_image/cmake)
[3.835s] -- Found ros2_control: 2.41.0 (/opt/ros/humble/share/ros2_control/cmake)
[3.836s] -- Found ros2_controllers: 2.35.0 (/opt/ros/humble/share/ros2_controllers/cmake)
[3.836s] -- Found xacro: 2.0.8 (/opt/ros/humble/share/xacro/cmake)
[3.836s] [31mCMake Error at CMakeLists.txt:53 (install):
[3.836s]   install TARGETS given target "example_joint_trajectory_publisher_cpp" which
[3.836s]   does not exist.
[3.836s] 
[3.836s] [0m
[3.911s] -- Found ament_lint_auto: 0.12.11 (/opt/ros/humble/share/ament_lint_auto/cmake)
[3.997s] -- Added test 'flake8' to check Python code syntax and style conventions
[3.998s] -- Added test 'lint_cmake' to check CMake code style
[3.998s] -- Added test 'pep257' to check Python code against some of the docstring style conventions in PEP 257
[4.000s] -- Added test 'xmllint' to check XML markup files
[4.001s] -- Configuring incomplete, errors occurred!
[4.001s] See also "/home/vansh/ros2_ws/build/robotic_arm/CMakeFiles/CMakeOutput.log".
[4.014s] gmake: *** [Makefile:226: cmake_check_build_system] Error 1
[4.016s] Invoked command in '/home/vansh/ros2_ws/build/robotic_arm' returned '2': CMAKE_PREFIX_PATH=/home/vansh/new_ros2/install/my_robot_controller:/opt/ros/humble /usr/bin/cmake --build /home/vansh/ros2_ws/build/robotic_arm -- -j6 -l6
